This is pdfTeX, Version 3.14159265-2.6-1.40.16 (TeX Live 2015) (preloaded format=pdflatex 2016.5.27)  17 AUG 2017 15:23
entering extended mode
 restricted \write18 enabled.
 %&-line parsing enabled.
**all.tex
(./all.tex
LaTeX2e <2015/01/01>
Babel <3.9l> and hyphenation patterns for 79 languages loaded.
(/usr/local/texlive/2015/texmf-dist/tex/latex/base/article.cls
Document Class: article 2014/09/29 v1.4h Standard LaTeX document class
(/usr/local/texlive/2015/texmf-dist/tex/latex/base/size10.clo
File: size10.clo 2014/09/29 v1.4h Standard LaTeX file (size option)
)
\c@part=\count79
\c@section=\count80
\c@subsection=\count81
\c@subsubsection=\count82
\c@paragraph=\count83
\c@subparagraph=\count84
\c@figure=\count85
\c@table=\count86
\abovecaptionskip=\skip41
\belowcaptionskip=\skip42
\bibindent=\dimen102
)
(/usr/local/texlive/2015/texmf-dist/tex/latex/geometry/geometry.sty
Package: geometry 2010/09/12 v5.6 Page Geometry

(/usr/local/texlive/2015/texmf-dist/tex/latex/graphics/keyval.sty
Package: keyval 2014/10/28 v1.15 key=value parser (DPC)
\KV@toks@=\toks14
)
(/usr/local/texlive/2015/texmf-dist/tex/generic/oberdiek/ifpdf.sty
Package: ifpdf 2011/01/30 v2.3 Provides the ifpdf switch (HO)
Package ifpdf Info: pdfTeX in PDF mode is detected.
)
(/usr/local/texlive/2015/texmf-dist/tex/generic/oberdiek/ifvtex.sty
Package: ifvtex 2010/03/01 v1.5 Detect VTeX and its facilities (HO)
Package ifvtex Info: VTeX not detected.
)
(/usr/local/texlive/2015/texmf-dist/tex/generic/ifxetex/ifxetex.sty
Package: ifxetex 2010/09/12 v0.6 Provides ifxetex conditional
)
\Gm@cnth=\count87
\Gm@cntv=\count88
\c@Gm@tempcnt=\count89
\Gm@bindingoffset=\dimen103
\Gm@wd@mp=\dimen104
\Gm@odd@mp=\dimen105
\Gm@even@mp=\dimen106
\Gm@layoutwidth=\dimen107
\Gm@layoutheight=\dimen108
\Gm@layouthoffset=\dimen109
\Gm@layoutvoffset=\dimen110
\Gm@dimlist=\toks15
)
(/usr/local/texlive/2015/texmf-dist/tex/latex/pdfpages/pdfpages.sty
Package: pdfpages 2015/05/11 v0.4x Insert pages of external PDF documents (AM)

(/usr/local/texlive/2015/texmf-dist/tex/latex/base/ifthen.sty
Package: ifthen 2014/09/29 v1.1c Standard LaTeX ifthen package (DPC)
)
(/usr/local/texlive/2015/texmf-dist/tex/latex/tools/calc.sty
Package: calc 2014/10/28 v4.3 Infix arithmetic (KKT,FJ)
\calc@Acount=\count90
\calc@Bcount=\count91
\calc@Adimen=\dimen111
\calc@Bdimen=\dimen112
\calc@Askip=\skip43
\calc@Bskip=\skip44
LaTeX Info: Redefining \setlength on input line 80.
LaTeX Info: Redefining \addtolength on input line 81.
\calc@Ccount=\count92
\calc@Cskip=\skip45
)
(/usr/local/texlive/2015/texmf-dist/tex/latex/eso-pic/eso-pic.sty
Package: eso-pic 2015/04/20 v2.0e eso-pic (RN)

(/usr/local/texlive/2015/texmf-dist/tex/generic/oberdiek/atbegshi.sty
Package: atbegshi 2011/10/05 v1.16 At begin shipout hook (HO)

(/usr/local/texlive/2015/texmf-dist/tex/generic/oberdiek/infwarerr.sty
Package: infwarerr 2010/04/08 v1.3 Providing info/warning/error messages (HO)
)
(/usr/local/texlive/2015/texmf-dist/tex/generic/oberdiek/ltxcmds.sty
Package: ltxcmds 2011/11/09 v1.22 LaTeX kernel commands for general use (HO)
))
(/usr/local/texlive/2015/texmf-dist/tex/latex/xcolor/xcolor.sty
Package: xcolor 2007/01/21 v2.11 LaTeX color extensions (UK)

(/usr/local/texlive/2015/texmf-dist/tex/latex/latexconfig/color.cfg
File: color.cfg 2007/01/18 v1.5 color configuration of teTeX/TeXLive
)
Package xcolor Info: Driver file: pdftex.def on input line 225.

(/usr/local/texlive/2015/texmf-dist/tex/latex/pdftex-def/pdftex.def
File: pdftex.def 2011/05/27 v0.06d Graphics/color for pdfTeX
\Gread@gobject=\count93
)
Package xcolor Info: Model `cmy' substituted by `cmy0' on input line 1337.
Package xcolor Info: Model `hsb' substituted by `rgb' on input line 1341.
Package xcolor Info: Model `RGB' extended on input line 1353.
Package xcolor Info: Model `HTML' substituted by `rgb' on input line 1355.
Package xcolor Info: Model `Hsb' substituted by `hsb' on input line 1356.
Package xcolor Info: Model `tHsb' substituted by `hsb' on input line 1357.
Package xcolor Info: Model `HSB' substituted by `hsb' on input line 1358.
Package xcolor Info: Model `Gray' substituted by `gray' on input line 1359.
Package xcolor Info: Model `wave' substituted by `hsb' on input line 1360.
))
(/usr/local/texlive/2015/texmf-dist/tex/latex/graphics/graphicx.sty
Package: graphicx 2014/10/28 v1.0g Enhanced LaTeX Graphics (DPC,SPQR)

(/usr/local/texlive/2015/texmf-dist/tex/latex/graphics/graphics.sty
Package: graphics 2014/10/28 v1.0p Standard LaTeX Graphics (DPC,SPQR)

(/usr/local/texlive/2015/texmf-dist/tex/latex/graphics/trig.sty
Package: trig 1999/03/16 v1.09 sin cos tan (DPC)
)
(/usr/local/texlive/2015/texmf-dist/tex/latex/latexconfig/graphics.cfg
File: graphics.cfg 2010/04/23 v1.9 graphics configuration of TeX Live
)
Package graphics Info: Driver file: pdftex.def on input line 94.
)
\Gin@req@height=\dimen113
\Gin@req@width=\dimen114
)
\AM@pagewidth=\dimen115
\AM@pageheight=\dimen116

(/usr/local/texlive/2015/texmf-dist/tex/latex/pdfpages/pppdftex.def
File: pppdftex.def 2015/05/11 v0.4x Pdfpages driver for pdfTeX (AM)
)
\AM@pagebox=\box26
\AM@toc@title=\toks16
\c@AM@survey=\count94
\AM@templatesizebox=\box27
)
(./all.aux)
\openout1 = `all.aux'.

LaTeX Font Info:    Checking defaults for OML/cmm/m/it on input line 4.
LaTeX Font Info:    ... okay on input line 4.
LaTeX Font Info:    Checking defaults for T1/cmr/m/n on input line 4.
LaTeX Font Info:    ... okay on input line 4.
LaTeX Font Info:    Checking defaults for OT1/cmr/m/n on input line 4.
LaTeX Font Info:    ... okay on input line 4.
LaTeX Font Info:    Checking defaults for OMS/cmsy/m/n on input line 4.
LaTeX Font Info:    ... okay on input line 4.
LaTeX Font Info:    Checking defaults for OMX/cmex/m/n on input line 4.
LaTeX Font Info:    ... okay on input line 4.
LaTeX Font Info:    Checking defaults for U/cmr/m/n on input line 4.
LaTeX Font Info:    ... okay on input line 4.

*geometry* driver: auto-detecting
*geometry* detected driver: pdftex
*geometry* verbose mode - [ preamble ] result:
* driver: pdftex
* paper: a4paper
* layout: <same size as paper>
* layoutoffset:(h,v)=(0.0pt,0.0pt)
* modes: 
* h-part:(L,W,R)=(0.0pt, 597.50787pt, 0.0pt)
* v-part:(T,H,B)=(0.0pt, 845.04684pt, 0.0pt)
* \paperwidth=597.50787pt
* \paperheight=845.04684pt
* \textwidth=597.50787pt
* \textheight=845.04684pt
* \oddsidemargin=-72.26999pt
* \evensidemargin=-72.26999pt
* \topmargin=-109.26999pt
* \headheight=12.0pt
* \headsep=25.0pt
* \topskip=10.0pt
* \footskip=30.0pt
* \marginparwidth=57.0pt
* \marginparsep=11.0pt
* \columnsep=10.0pt
* \skip\footins=9.0pt plus 4.0pt minus 2.0pt
* \hoffset=0.0pt
* \voffset=0.0pt
* \mag=1000
* \@twocolumnfalse
* \@twosidefalse
* \@mparswitchfalse
* \@reversemarginfalse
* (1in=72.27pt=25.4mm, 1cm=28.453pt)

\AtBeginShipoutBox=\box28
(/usr/local/texlive/2015/texmf-dist/tex/context/base/supp-pdf.mkii
[Loading MPS to PDF converter (version 2006.09.02).]
\scratchcounter=\count95
\scratchdimen=\dimen117
\scratchbox=\box29
\nofMPsegments=\count96
\nofMParguments=\count97
\everyMPshowfont=\toks17
\MPscratchCnt=\count98
\MPscratchDim=\dimen118
\MPnumerator=\count99
\makeMPintoPDFobject=\count100
\everyMPtoPDFconversion=\toks18
) (/usr/local/texlive/2015/texmf-dist/tex/generic/oberdiek/pdftexcmds.sty
Package: pdftexcmds 2011/11/29 v0.20 Utility functions of pdfTeX for LuaTeX (HO
)

(/usr/local/texlive/2015/texmf-dist/tex/generic/oberdiek/ifluatex.sty
Package: ifluatex 2010/03/01 v1.3 Provides the ifluatex switch (HO)
Package ifluatex Info: LuaTeX not detected.
)
Package pdftexcmds Info: LuaTeX not detected.
Package pdftexcmds Info: \pdf@primitive is available.
Package pdftexcmds Info: \pdf@ifprimitive is available.
Package pdftexcmds Info: \pdfdraftmode found.
)
(/usr/local/texlive/2015/texmf-dist/tex/latex/oberdiek/epstopdf-base.sty
Package: epstopdf-base 2010/02/09 v2.5 Base part for package epstopdf

(/usr/local/texlive/2015/texmf-dist/tex/latex/oberdiek/grfext.sty
Package: grfext 2010/08/19 v1.1 Manage graphics extensions (HO)

(/usr/local/texlive/2015/texmf-dist/tex/generic/oberdiek/kvdefinekeys.sty
Package: kvdefinekeys 2011/04/07 v1.3 Define keys (HO)
))
(/usr/local/texlive/2015/texmf-dist/tex/latex/oberdiek/kvoptions.sty
Package: kvoptions 2011/06/30 v3.11 Key value format for package options (HO)

(/usr/local/texlive/2015/texmf-dist/tex/generic/oberdiek/kvsetkeys.sty
Package: kvsetkeys 2012/04/25 v1.16 Key value parser (HO)

(/usr/local/texlive/2015/texmf-dist/tex/generic/oberdiek/etexcmds.sty
Package: etexcmds 2011/02/16 v1.5 Avoid name clashes with e-TeX commands (HO)
Package etexcmds Info: Could not find \expanded.
(etexcmds)             That can mean that you are not using pdfTeX 1.50 or
(etexcmds)             that some package has redefined \expanded.
(etexcmds)             In the latter case, load this package earlier.
)))
Package grfext Info: Graphics extension search list:
(grfext)             [.png,.pdf,.jpg,.mps,.jpeg,.jbig2,.jb2,.PNG,.PDF,.JPG,.JPE
G,.JBIG2,.JB2,.eps]
(grfext)             \AppendGraphicsExtensions on input line 452.

(/usr/local/texlive/2015/texmf-dist/tex/latex/latexconfig/epstopdf-sys.cfg
File: epstopdf-sys.cfg 2010/07/13 v1.3 Configuration of (r)epstopdf for TeX Liv
e
))
<Clonlea-14-12-T003-TENDER-Existing-Elevations-09-03-17.pdf, id=1, 845.0471pt x
 1195.01462pt>
File: Clonlea-14-12-T003-TENDER-Existing-Elevations-09-03-17.pdf Graphic file (
type pdf)

<use Clonlea-14-12-T003-TENDER-Existing-Elevations-09-03-17.pdf>
Package pdftex.def Info: Clonlea-14-12-T003-TENDER-Existing-Elevations-09-03-17
.pdf used on input line 5.
(pdftex.def)             Requested size: 845.04504pt x 1195.0117pt.
File: Clonlea-14-12-T003-TENDER-Existing-Elevations-09-03-17.pdf Graphic file (
type pdf)

<use Clonlea-14-12-T003-TENDER-Existing-Elevations-09-03-17.pdf>
Package pdftex.def Info: Clonlea-14-12-T003-TENDER-Existing-Elevations-09-03-17
.pdf used on input line 5.
(pdftex.def)             Requested size: 845.04504pt x 1195.0117pt.

<Clonlea-14-12-T003-TENDER-Existing-Elevations-09-03-17.pdf, id=4, page=1, 845.
0471pt x 1195.01462pt>
File: Clonlea-14-12-T003-TENDER-Existing-Elevations-09-03-17.pdf Graphic file (
type pdf)

<use Clonlea-14-12-T003-TENDER-Existing-Elevations-09-03-17.pdf, page 1>
Package pdftex.def Info: Clonlea-14-12-T003-TENDER-Existing-Elevations-09-03-17
.pdf, page1 used on input line 5.
(pdftex.def)             Requested size: 845.04504pt x 1195.0117pt.
File: Clonlea-14-12-T003-TENDER-Existing-Elevations-09-03-17.pdf Graphic file (
type pdf)

<use Clonlea-14-12-T003-TENDER-Existing-Elevations-09-03-17.pdf, page 1>
Package pdftex.def Info: Clonlea-14-12-T003-TENDER-Existing-Elevations-09-03-17
.pdf, page1 used on input line 5.
(pdftex.def)             Requested size: 597.53772pt x 845.00179pt.
File: Clonlea-14-12-T003-TENDER-Existing-Elevations-09-03-17.pdf Graphic file (
type pdf)

<use Clonlea-14-12-T003-TENDER-Existing-Elevations-09-03-17.pdf, page 1>
Package pdftex.def Info: Clonlea-14-12-T003-TENDER-Existing-Elevations-09-03-17
.pdf, page1 used on input line 5.
(pdftex.def)             Requested size: 597.53772pt x 845.00179pt.
File: Clonlea-14-12-T003-TENDER-Existing-Elevations-09-03-17.pdf Graphic file (
type pdf)

<use Clonlea-14-12-T003-TENDER-Existing-Elevations-09-03-17.pdf, page 1>
Package pdftex.def Info: Clonlea-14-12-T003-TENDER-Existing-Elevations-09-03-17
.pdf, page1 used on input line 5.
(pdftex.def)             Requested size: 597.53772pt x 845.00179pt.
File: Clonlea-14-12-T003-TENDER-Existing-Elevations-09-03-17.pdf Graphic file (
type pdf)

<use Clonlea-14-12-T003-TENDER-Existing-Elevations-09-03-17.pdf, page 1>
Package pdftex.def Info: Clonlea-14-12-T003-TENDER-Existing-Elevations-09-03-17
.pdf, page1 used on input line 5.
(pdftex.def)             Requested size: 597.53772pt x 845.00179pt.

[1

 <./Clonlea-14-12-T003-TENDER-Existing-Elevations-09-03-17.pdf>]
<Clonlea-14-12-T004-TENDER-Existing-Elevations-09-03-17.pdf, id=12, 845.0471pt 
x 1195.01462pt>
File: Clonlea-14-12-T004-TENDER-Existing-Elevations-09-03-17.pdf Graphic file (
type pdf)

<use Clonlea-14-12-T004-TENDER-Existing-Elevations-09-03-17.pdf>
Package pdftex.def Info: Clonlea-14-12-T004-TENDER-Existing-Elevations-09-03-17
.pdf used on input line 6.
(pdftex.def)             Requested size: 845.04504pt x 1195.0117pt.
File: Clonlea-14-12-T004-TENDER-Existing-Elevations-09-03-17.pdf Graphic file (
type pdf)

<use Clonlea-14-12-T004-TENDER-Existing-Elevations-09-03-17.pdf>
Package pdftex.def Info: Clonlea-14-12-T004-TENDER-Existing-Elevations-09-03-17
.pdf used on input line 6.
(pdftex.def)             Requested size: 845.04504pt x 1195.0117pt.

<Clonlea-14-12-T004-TENDER-Existing-Elevations-09-03-17.pdf, id=15, page=1, 845
.0471pt x 1195.01462pt>
File: Clonlea-14-12-T004-TENDER-Existing-Elevations-09-03-17.pdf Graphic file (
type pdf)

<use Clonlea-14-12-T004-TENDER-Existing-Elevations-09-03-17.pdf, page 1>
Package pdftex.def Info: Clonlea-14-12-T004-TENDER-Existing-Elevations-09-03-17
.pdf, page1 used on input line 6.
(pdftex.def)             Requested size: 845.04504pt x 1195.0117pt.
File: Clonlea-14-12-T004-TENDER-Existing-Elevations-09-03-17.pdf Graphic file (
type pdf)

<use Clonlea-14-12-T004-TENDER-Existing-Elevations-09-03-17.pdf, page 1>
Package pdftex.def Info: Clonlea-14-12-T004-TENDER-Existing-Elevations-09-03-17
.pdf, page1 used on input line 6.
(pdftex.def)             Requested size: 597.53772pt x 845.00179pt.
File: Clonlea-14-12-T004-TENDER-Existing-Elevations-09-03-17.pdf Graphic file (
type pdf)

<use Clonlea-14-12-T004-TENDER-Existing-Elevations-09-03-17.pdf, page 1>
Package pdftex.def Info: Clonlea-14-12-T004-TENDER-Existing-Elevations-09-03-17
.pdf, page1 used on input line 6.
(pdftex.def)             Requested size: 597.53772pt x 845.00179pt.
File: Clonlea-14-12-T004-TENDER-Existing-Elevations-09-03-17.pdf Graphic file (
type pdf)

<use Clonlea-14-12-T004-TENDER-Existing-Elevations-09-03-17.pdf, page 1>
Package pdftex.def Info: Clonlea-14-12-T004-TENDER-Existing-Elevations-09-03-17
.pdf, page1 used on input line 6.
(pdftex.def)             Requested size: 597.53772pt x 845.00179pt.
File: Clonlea-14-12-T004-TENDER-Existing-Elevations-09-03-17.pdf Graphic file (
type pdf)

<use Clonlea-14-12-T004-TENDER-Existing-Elevations-09-03-17.pdf, page 1>
Package pdftex.def Info: Clonlea-14-12-T004-TENDER-Existing-Elevations-09-03-17
.pdf, page1 used on input line 6.
(pdftex.def)             Requested size: 597.53772pt x 845.00179pt.

[2 <./Clonlea-14-12-T004-TENDER-Existing-Elevations-09-03-17.pdf>]
<Clonlea-14-12-T005-TENDER-Proposed-Site-Plan-09-03-17.pdf, id=21, 845.0471pt x
 1195.01462pt>
File: Clonlea-14-12-T005-TENDER-Proposed-Site-Plan-09-03-17.pdf Graphic file (t
ype pdf)
 <use Clonlea-14-12-T005-TENDER-Proposed-Site-Plan-09-03-17.pdf>
Package pdftex.def Info: Clonlea-14-12-T005-TENDER-Proposed-Site-Plan-09-03-17.
pdf used on input line 7.
(pdftex.def)             Requested size: 845.04504pt x 1195.0117pt.
File: Clonlea-14-12-T005-TENDER-Proposed-Site-Plan-09-03-17.pdf Graphic file (t
ype pdf)

<use Clonlea-14-12-T005-TENDER-Proposed-Site-Plan-09-03-17.pdf>
Package pdftex.def Info: Clonlea-14-12-T005-TENDER-Proposed-Site-Plan-09-03-17.
pdf used on input line 7.
(pdftex.def)             Requested size: 845.04504pt x 1195.0117pt.

<Clonlea-14-12-T005-TENDER-Proposed-Site-Plan-09-03-17.pdf, id=24, page=1, 845.
0471pt x 1195.01462pt>
File: Clonlea-14-12-T005-TENDER-Proposed-Site-Plan-09-03-17.pdf Graphic file (t
ype pdf)

<use Clonlea-14-12-T005-TENDER-Proposed-Site-Plan-09-03-17.pdf, page 1>
Package pdftex.def Info: Clonlea-14-12-T005-TENDER-Proposed-Site-Plan-09-03-17.
pdf, page1 used on input line 7.
(pdftex.def)             Requested size: 845.04504pt x 1195.0117pt.
File: Clonlea-14-12-T005-TENDER-Proposed-Site-Plan-09-03-17.pdf Graphic file (t
ype pdf)

<use Clonlea-14-12-T005-TENDER-Proposed-Site-Plan-09-03-17.pdf, page 1>
Package pdftex.def Info: Clonlea-14-12-T005-TENDER-Proposed-Site-Plan-09-03-17.
pdf, page1 used on input line 7.
(pdftex.def)             Requested size: 597.53772pt x 845.00179pt.
File: Clonlea-14-12-T005-TENDER-Proposed-Site-Plan-09-03-17.pdf Graphic file (t
ype pdf)

<use Clonlea-14-12-T005-TENDER-Proposed-Site-Plan-09-03-17.pdf, page 1>
Package pdftex.def Info: Clonlea-14-12-T005-TENDER-Proposed-Site-Plan-09-03-17.
pdf, page1 used on input line 7.
(pdftex.def)             Requested size: 597.53772pt x 845.00179pt.
File: Clonlea-14-12-T005-TENDER-Proposed-Site-Plan-09-03-17.pdf Graphic file (t
ype pdf)

<use Clonlea-14-12-T005-TENDER-Proposed-Site-Plan-09-03-17.pdf, page 1>
Package pdftex.def Info: Clonlea-14-12-T005-TENDER-Proposed-Site-Plan-09-03-17.
pdf, page1 used on input line 7.
(pdftex.def)             Requested size: 597.53772pt x 845.00179pt.
File: Clonlea-14-12-T005-TENDER-Proposed-Site-Plan-09-03-17.pdf Graphic file (t
ype pdf)

<use Clonlea-14-12-T005-TENDER-Proposed-Site-Plan-09-03-17.pdf, page 1>
Package pdftex.def Info: Clonlea-14-12-T005-TENDER-Proposed-Site-Plan-09-03-17.
pdf, page1 used on input line 7.
(pdftex.def)             Requested size: 597.53772pt x 845.00179pt.

[3 <./Clonlea-14-12-T005-TENDER-Proposed-Site-Plan-09-03-17.pdf>]
<Clonlea-14-12-T012-TENDER-Proposed-South-Elevation-09-03-17.pdf, id=30, 845.04
71pt x 1195.01462pt>
File: Clonlea-14-12-T012-TENDER-Proposed-South-Elevation-09-03-17.pdf Graphic f
ile (type pdf)

<use Clonlea-14-12-T012-TENDER-Proposed-South-Elevation-09-03-17.pdf>
Package pdftex.def Info: Clonlea-14-12-T012-TENDER-Proposed-South-Elevation-09-
03-17.pdf used on input line 8.
(pdftex.def)             Requested size: 845.04504pt x 1195.0117pt.
File: Clonlea-14-12-T012-TENDER-Proposed-South-Elevation-09-03-17.pdf Graphic f
ile (type pdf)

<use Clonlea-14-12-T012-TENDER-Proposed-South-Elevation-09-03-17.pdf>
Package pdftex.def Info: Clonlea-14-12-T012-TENDER-Proposed-South-Elevation-09-
03-17.pdf used on input line 8.
(pdftex.def)             Requested size: 845.04504pt x 1195.0117pt.

<Clonlea-14-12-T012-TENDER-Proposed-South-Elevation-09-03-17.pdf, id=33, page=1
, 845.0471pt x 1195.01462pt>
File: Clonlea-14-12-T012-TENDER-Proposed-South-Elevation-09-03-17.pdf Graphic f
ile (type pdf)

<use Clonlea-14-12-T012-TENDER-Proposed-South-Elevation-09-03-17.pdf, page 1>
Package pdftex.def Info: Clonlea-14-12-T012-TENDER-Proposed-South-Elevation-09-
03-17.pdf, page1 used on input line 8.
(pdftex.def)             Requested size: 845.04504pt x 1195.0117pt.
File: Clonlea-14-12-T012-TENDER-Proposed-South-Elevation-09-03-17.pdf Graphic f
ile (type pdf)

<use Clonlea-14-12-T012-TENDER-Proposed-South-Elevation-09-03-17.pdf, page 1>
Package pdftex.def Info: Clonlea-14-12-T012-TENDER-Proposed-South-Elevation-09-
03-17.pdf, page1 used on input line 8.
(pdftex.def)             Requested size: 597.53772pt x 845.00179pt.
File: Clonlea-14-12-T012-TENDER-Proposed-South-Elevation-09-03-17.pdf Graphic f
ile (type pdf)

<use Clonlea-14-12-T012-TENDER-Proposed-South-Elevation-09-03-17.pdf, page 1>
Package pdftex.def Info: Clonlea-14-12-T012-TENDER-Proposed-South-Elevation-09-
03-17.pdf, page1 used on input line 8.
(pdftex.def)             Requested size: 597.53772pt x 845.00179pt.
File: Clonlea-14-12-T012-TENDER-Proposed-South-Elevation-09-03-17.pdf Graphic f
ile (type pdf)

<use Clonlea-14-12-T012-TENDER-Proposed-South-Elevation-09-03-17.pdf, page 1>
Package pdftex.def Info: Clonlea-14-12-T012-TENDER-Proposed-South-Elevation-09-
03-17.pdf, page1 used on input line 8.
(pdftex.def)             Requested size: 597.53772pt x 845.00179pt.
File: Clonlea-14-12-T012-TENDER-Proposed-South-Elevation-09-03-17.pdf Graphic f
ile (type pdf)

<use Clonlea-14-12-T012-TENDER-Proposed-South-Elevation-09-03-17.pdf, page 1>
Package pdftex.def Info: Clonlea-14-12-T012-TENDER-Proposed-South-Elevation-09-
03-17.pdf, page1 used on input line 8.
(pdftex.def)             Requested size: 597.53772pt x 845.00179pt.

[4 <./Clonlea-14-12-T012-TENDER-Proposed-South-Elevation-09-03-17.pdf>]
<Clonlea-14-12-T013-TENDER-Proposed-North-Elevation-09-03-17.pdf, id=39, 845.04
71pt x 1195.01462pt>
File: Clonlea-14-12-T013-TENDER-Proposed-North-Elevation-09-03-17.pdf Graphic f
ile (type pdf)

<use Clonlea-14-12-T013-TENDER-Proposed-North-Elevation-09-03-17.pdf>
Package pdftex.def Info: Clonlea-14-12-T013-TENDER-Proposed-North-Elevation-09-
03-17.pdf used on input line 9.
(pdftex.def)             Requested size: 845.04504pt x 1195.0117pt.
File: Clonlea-14-12-T013-TENDER-Proposed-North-Elevation-09-03-17.pdf Graphic f
ile (type pdf)

<use Clonlea-14-12-T013-TENDER-Proposed-North-Elevation-09-03-17.pdf>
Package pdftex.def Info: Clonlea-14-12-T013-TENDER-Proposed-North-Elevation-09-
03-17.pdf used on input line 9.
(pdftex.def)             Requested size: 845.04504pt x 1195.0117pt.

<Clonlea-14-12-T013-TENDER-Proposed-North-Elevation-09-03-17.pdf, id=42, page=1
, 845.0471pt x 1195.01462pt>
File: Clonlea-14-12-T013-TENDER-Proposed-North-Elevation-09-03-17.pdf Graphic f
ile (type pdf)

<use Clonlea-14-12-T013-TENDER-Proposed-North-Elevation-09-03-17.pdf, page 1>
Package pdftex.def Info: Clonlea-14-12-T013-TENDER-Proposed-North-Elevation-09-
03-17.pdf, page1 used on input line 9.
(pdftex.def)             Requested size: 845.04504pt x 1195.0117pt.
File: Clonlea-14-12-T013-TENDER-Proposed-North-Elevation-09-03-17.pdf Graphic f
ile (type pdf)

<use Clonlea-14-12-T013-TENDER-Proposed-North-Elevation-09-03-17.pdf, page 1>
Package pdftex.def Info: Clonlea-14-12-T013-TENDER-Proposed-North-Elevation-09-
03-17.pdf, page1 used on input line 9.
(pdftex.def)             Requested size: 597.53772pt x 845.00179pt.
File: Clonlea-14-12-T013-TENDER-Proposed-North-Elevation-09-03-17.pdf Graphic f
ile (type pdf)

<use Clonlea-14-12-T013-TENDER-Proposed-North-Elevation-09-03-17.pdf, page 1>
Package pdftex.def Info: Clonlea-14-12-T013-TENDER-Proposed-North-Elevation-09-
03-17.pdf, page1 used on input line 9.
(pdftex.def)             Requested size: 597.53772pt x 845.00179pt.
File: Clonlea-14-12-T013-TENDER-Proposed-North-Elevation-09-03-17.pdf Graphic f
ile (type pdf)

<use Clonlea-14-12-T013-TENDER-Proposed-North-Elevation-09-03-17.pdf, page 1>
Package pdftex.def Info: Clonlea-14-12-T013-TENDER-Proposed-North-Elevation-09-
03-17.pdf, page1 used on input line 9.
(pdftex.def)             Requested size: 597.53772pt x 845.00179pt.
File: Clonlea-14-12-T013-TENDER-Proposed-North-Elevation-09-03-17.pdf Graphic f
ile (type pdf)

<use Clonlea-14-12-T013-TENDER-Proposed-North-Elevation-09-03-17.pdf, page 1>
Package pdftex.def Info: Clonlea-14-12-T013-TENDER-Proposed-North-Elevation-09-
03-17.pdf, page1 used on input line 9.
(pdftex.def)             Requested size: 597.53772pt x 845.00179pt.

[5 <./Clonlea-14-12-T013-TENDER-Proposed-North-Elevation-09-03-17.pdf>]
<Clonlea-14-12-T014-TENDER-Proposed-Front-Elevation-09-03-17.pdf, id=48, 845.04
71pt x 1195.01462pt>
File: Clonlea-14-12-T014-TENDER-Proposed-Front-Elevation-09-03-17.pdf Graphic f
ile (type pdf)

<use Clonlea-14-12-T014-TENDER-Proposed-Front-Elevation-09-03-17.pdf>
Package pdftex.def Info: Clonlea-14-12-T014-TENDER-Proposed-Front-Elevation-09-
03-17.pdf used on input line 10.
(pdftex.def)             Requested size: 845.04504pt x 1195.0117pt.
File: Clonlea-14-12-T014-TENDER-Proposed-Front-Elevation-09-03-17.pdf Graphic f
ile (type pdf)

<use Clonlea-14-12-T014-TENDER-Proposed-Front-Elevation-09-03-17.pdf>
Package pdftex.def Info: Clonlea-14-12-T014-TENDER-Proposed-Front-Elevation-09-
03-17.pdf used on input line 10.
(pdftex.def)             Requested size: 845.04504pt x 1195.0117pt.

<Clonlea-14-12-T014-TENDER-Proposed-Front-Elevation-09-03-17.pdf, id=51, page=1
, 845.0471pt x 1195.01462pt>
File: Clonlea-14-12-T014-TENDER-Proposed-Front-Elevation-09-03-17.pdf Graphic f
ile (type pdf)

<use Clonlea-14-12-T014-TENDER-Proposed-Front-Elevation-09-03-17.pdf, page 1>
Package pdftex.def Info: Clonlea-14-12-T014-TENDER-Proposed-Front-Elevation-09-
03-17.pdf, page1 used on input line 10.
(pdftex.def)             Requested size: 845.04504pt x 1195.0117pt.
File: Clonlea-14-12-T014-TENDER-Proposed-Front-Elevation-09-03-17.pdf Graphic f
ile (type pdf)

<use Clonlea-14-12-T014-TENDER-Proposed-Front-Elevation-09-03-17.pdf, page 1>
Package pdftex.def Info: Clonlea-14-12-T014-TENDER-Proposed-Front-Elevation-09-
03-17.pdf, page1 used on input line 10.
(pdftex.def)             Requested size: 597.53772pt x 845.00179pt.
File: Clonlea-14-12-T014-TENDER-Proposed-Front-Elevation-09-03-17.pdf Graphic f
ile (type pdf)

<use Clonlea-14-12-T014-TENDER-Proposed-Front-Elevation-09-03-17.pdf, page 1>
Package pdftex.def Info: Clonlea-14-12-T014-TENDER-Proposed-Front-Elevation-09-
03-17.pdf, page1 used on input line 10.
(pdftex.def)             Requested size: 597.53772pt x 845.00179pt.
File: Clonlea-14-12-T014-TENDER-Proposed-Front-Elevation-09-03-17.pdf Graphic f
ile (type pdf)

<use Clonlea-14-12-T014-TENDER-Proposed-Front-Elevation-09-03-17.pdf, page 1>
Package pdftex.def Info: Clonlea-14-12-T014-TENDER-Proposed-Front-Elevation-09-
03-17.pdf, page1 used on input line 10.
(pdftex.def)             Requested size: 597.53772pt x 845.00179pt.
File: Clonlea-14-12-T014-TENDER-Proposed-Front-Elevation-09-03-17.pdf Graphic f
ile (type pdf)

<use Clonlea-14-12-T014-TENDER-Proposed-Front-Elevation-09-03-17.pdf, page 1>
Package pdftex.def Info: Clonlea-14-12-T014-TENDER-Proposed-Front-Elevation-09-
03-17.pdf, page1 used on input line 10.
(pdftex.def)             Requested size: 597.53772pt x 845.00179pt.

[6 <./Clonlea-14-12-T014-TENDER-Proposed-Front-Elevation-09-03-17.pdf>]
<Clonlea-14-12-T015-TENDER-Proposed-Rear-Elevation-09-03-17.pdf, id=57, 845.047
1pt x 1195.01462pt>
File: Clonlea-14-12-T015-TENDER-Proposed-Rear-Elevation-09-03-17.pdf Graphic fi
le (type pdf)

<use Clonlea-14-12-T015-TENDER-Proposed-Rear-Elevation-09-03-17.pdf>
Package pdftex.def Info: Clonlea-14-12-T015-TENDER-Proposed-Rear-Elevation-09-0
3-17.pdf used on input line 11.
(pdftex.def)             Requested size: 845.04504pt x 1195.0117pt.
File: Clonlea-14-12-T015-TENDER-Proposed-Rear-Elevation-09-03-17.pdf Graphic fi
le (type pdf)

<use Clonlea-14-12-T015-TENDER-Proposed-Rear-Elevation-09-03-17.pdf>
Package pdftex.def Info: Clonlea-14-12-T015-TENDER-Proposed-Rear-Elevation-09-0
3-17.pdf used on input line 11.
(pdftex.def)             Requested size: 845.04504pt x 1195.0117pt.

<Clonlea-14-12-T015-TENDER-Proposed-Rear-Elevation-09-03-17.pdf, id=60, page=1,
 845.0471pt x 1195.01462pt>
File: Clonlea-14-12-T015-TENDER-Proposed-Rear-Elevation-09-03-17.pdf Graphic fi
le (type pdf)

<use Clonlea-14-12-T015-TENDER-Proposed-Rear-Elevation-09-03-17.pdf, page 1>
Package pdftex.def Info: Clonlea-14-12-T015-TENDER-Proposed-Rear-Elevation-09-0
3-17.pdf, page1 used on input line 11.
(pdftex.def)             Requested size: 845.04504pt x 1195.0117pt.
File: Clonlea-14-12-T015-TENDER-Proposed-Rear-Elevation-09-03-17.pdf Graphic fi
le (type pdf)

<use Clonlea-14-12-T015-TENDER-Proposed-Rear-Elevation-09-03-17.pdf, page 1>
Package pdftex.def Info: Clonlea-14-12-T015-TENDER-Proposed-Rear-Elevation-09-0
3-17.pdf, page1 used on input line 11.
(pdftex.def)             Requested size: 597.53772pt x 845.00179pt.
File: Clonlea-14-12-T015-TENDER-Proposed-Rear-Elevation-09-03-17.pdf Graphic fi
le (type pdf)

<use Clonlea-14-12-T015-TENDER-Proposed-Rear-Elevation-09-03-17.pdf, page 1>
Package pdftex.def Info: Clonlea-14-12-T015-TENDER-Proposed-Rear-Elevation-09-0
3-17.pdf, page1 used on input line 11.
(pdftex.def)             Requested size: 597.53772pt x 845.00179pt.
File: Clonlea-14-12-T015-TENDER-Proposed-Rear-Elevation-09-03-17.pdf Graphic fi
le (type pdf)

<use Clonlea-14-12-T015-TENDER-Proposed-Rear-Elevation-09-03-17.pdf, page 1>
Package pdftex.def Info: Clonlea-14-12-T015-TENDER-Proposed-Rear-Elevation-09-0
3-17.pdf, page1 used on input line 11.
(pdftex.def)             Requested size: 597.53772pt x 845.00179pt.
File: Clonlea-14-12-T015-TENDER-Proposed-Rear-Elevation-09-03-17.pdf Graphic fi
le (type pdf)

<use Clonlea-14-12-T015-TENDER-Proposed-Rear-Elevation-09-03-17.pdf, page 1>
Package pdftex.def Info: Clonlea-14-12-T015-TENDER-Proposed-Rear-Elevation-09-0
3-17.pdf, page1 used on input line 11.
(pdftex.def)             Requested size: 597.53772pt x 845.00179pt.

[7 <./Clonlea-14-12-T015-TENDER-Proposed-Rear-Elevation-09-03-17.pdf>]
<Clonlea-14-12-T006-TENDER-Proposed-Ground-Floor-Plan-09-03-17.pdf, id=67, 845.
0471pt x 1195.01462pt>
File: Clonlea-14-12-T006-TENDER-Proposed-Ground-Floor-Plan-09-03-17.pdf Graphic
 file (type pdf)

<use Clonlea-14-12-T006-TENDER-Proposed-Ground-Floor-Plan-09-03-17.pdf>
Package pdftex.def Info: Clonlea-14-12-T006-TENDER-Proposed-Ground-Floor-Plan-0
9-03-17.pdf used on input line 12.
(pdftex.def)             Requested size: 845.04504pt x 1195.0117pt.
File: Clonlea-14-12-T006-TENDER-Proposed-Ground-Floor-Plan-09-03-17.pdf Graphic
 file (type pdf)

<use Clonlea-14-12-T006-TENDER-Proposed-Ground-Floor-Plan-09-03-17.pdf>
Package pdftex.def Info: Clonlea-14-12-T006-TENDER-Proposed-Ground-Floor-Plan-0
9-03-17.pdf used on input line 12.
(pdftex.def)             Requested size: 845.04504pt x 1195.0117pt.

<Clonlea-14-12-T006-TENDER-Proposed-Ground-Floor-Plan-09-03-17.pdf, id=70, page
=1, 845.0471pt x 1195.01462pt>
File: Clonlea-14-12-T006-TENDER-Proposed-Ground-Floor-Plan-09-03-17.pdf Graphic
 file (type pdf)

<use Clonlea-14-12-T006-TENDER-Proposed-Ground-Floor-Plan-09-03-17.pdf, page 1>
Package pdftex.def Info: Clonlea-14-12-T006-TENDER-Proposed-Ground-Floor-Plan-0
9-03-17.pdf, page1 used on input line 12.
(pdftex.def)             Requested size: 845.04504pt x 1195.0117pt.
File: Clonlea-14-12-T006-TENDER-Proposed-Ground-Floor-Plan-09-03-17.pdf Graphic
 file (type pdf)

<use Clonlea-14-12-T006-TENDER-Proposed-Ground-Floor-Plan-09-03-17.pdf, page 1>
Package pdftex.def Info: Clonlea-14-12-T006-TENDER-Proposed-Ground-Floor-Plan-0
9-03-17.pdf, page1 used on input line 12.
(pdftex.def)             Requested size: 597.53772pt x 845.00179pt.
File: Clonlea-14-12-T006-TENDER-Proposed-Ground-Floor-Plan-09-03-17.pdf Graphic
 file (type pdf)

<use Clonlea-14-12-T006-TENDER-Proposed-Ground-Floor-Plan-09-03-17.pdf, page 1>
Package pdftex.def Info: Clonlea-14-12-T006-TENDER-Proposed-Ground-Floor-Plan-0
9-03-17.pdf, page1 used on input line 12.
(pdftex.def)             Requested size: 597.53772pt x 845.00179pt.
File: Clonlea-14-12-T006-TENDER-Proposed-Ground-Floor-Plan-09-03-17.pdf Graphic
 file (type pdf)

<use Clonlea-14-12-T006-TENDER-Proposed-Ground-Floor-Plan-09-03-17.pdf, page 1>
Package pdftex.def Info: Clonlea-14-12-T006-TENDER-Proposed-Ground-Floor-Plan-0
9-03-17.pdf, page1 used on input line 12.
(pdftex.def)             Requested size: 597.53772pt x 845.00179pt.
File: Clonlea-14-12-T006-TENDER-Proposed-Ground-Floor-Plan-09-03-17.pdf Graphic
 file (type pdf)

<use Clonlea-14-12-T006-TENDER-Proposed-Ground-Floor-Plan-09-03-17.pdf, page 1>
Package pdftex.def Info: Clonlea-14-12-T006-TENDER-Proposed-Ground-Floor-Plan-0
9-03-17.pdf, page1 used on input line 12.
(pdftex.def)             Requested size: 597.53772pt x 845.00179pt.
[8 <./Clonlea-14-12-T006-TENDER-Proposed-Ground-Floor-Plan-09-03-17.pdf>]
<Clonlea-14-12-T007-TENDER-Proposed-First-Floor-Plan-09-03-17.pdf, id=76, 845.0
471pt x 1195.01462pt>
File: Clonlea-14-12-T007-TENDER-Proposed-First-Floor-Plan-09-03-17.pdf Graphic 
file (type pdf)

<use Clonlea-14-12-T007-TENDER-Proposed-First-Floor-Plan-09-03-17.pdf>
Package pdftex.def Info: Clonlea-14-12-T007-TENDER-Proposed-First-Floor-Plan-09
-03-17.pdf used on input line 13.
(pdftex.def)             Requested size: 845.04504pt x 1195.0117pt.
File: Clonlea-14-12-T007-TENDER-Proposed-First-Floor-Plan-09-03-17.pdf Graphic 
file (type pdf)

<use Clonlea-14-12-T007-TENDER-Proposed-First-Floor-Plan-09-03-17.pdf>
Package pdftex.def Info: Clonlea-14-12-T007-TENDER-Proposed-First-Floor-Plan-09
-03-17.pdf used on input line 13.
(pdftex.def)             Requested size: 845.04504pt x 1195.0117pt.

<Clonlea-14-12-T007-TENDER-Proposed-First-Floor-Plan-09-03-17.pdf, id=79, page=
1, 845.0471pt x 1195.01462pt>
File: Clonlea-14-12-T007-TENDER-Proposed-First-Floor-Plan-09-03-17.pdf Graphic 
file (type pdf)

<use Clonlea-14-12-T007-TENDER-Proposed-First-Floor-Plan-09-03-17.pdf, page 1>
Package pdftex.def Info: Clonlea-14-12-T007-TENDER-Proposed-First-Floor-Plan-09
-03-17.pdf, page1 used on input line 13.
(pdftex.def)             Requested size: 845.04504pt x 1195.0117pt.
File: Clonlea-14-12-T007-TENDER-Proposed-First-Floor-Plan-09-03-17.pdf Graphic 
file (type pdf)

<use Clonlea-14-12-T007-TENDER-Proposed-First-Floor-Plan-09-03-17.pdf, page 1>
Package pdftex.def Info: Clonlea-14-12-T007-TENDER-Proposed-First-Floor-Plan-09
-03-17.pdf, page1 used on input line 13.
(pdftex.def)             Requested size: 597.53772pt x 845.00179pt.
File: Clonlea-14-12-T007-TENDER-Proposed-First-Floor-Plan-09-03-17.pdf Graphic 
file (type pdf)

<use Clonlea-14-12-T007-TENDER-Proposed-First-Floor-Plan-09-03-17.pdf, page 1>
Package pdftex.def Info: Clonlea-14-12-T007-TENDER-Proposed-First-Floor-Plan-09
-03-17.pdf, page1 used on input line 13.
(pdftex.def)             Requested size: 597.53772pt x 845.00179pt.
File: Clonlea-14-12-T007-TENDER-Proposed-First-Floor-Plan-09-03-17.pdf Graphic 
file (type pdf)

<use Clonlea-14-12-T007-TENDER-Proposed-First-Floor-Plan-09-03-17.pdf, page 1>
Package pdftex.def Info: Clonlea-14-12-T007-TENDER-Proposed-First-Floor-Plan-09
-03-17.pdf, page1 used on input line 13.
(pdftex.def)             Requested size: 597.53772pt x 845.00179pt.
File: Clonlea-14-12-T007-TENDER-Proposed-First-Floor-Plan-09-03-17.pdf Graphic 
file (type pdf)

<use Clonlea-14-12-T007-TENDER-Proposed-First-Floor-Plan-09-03-17.pdf, page 1>
Package pdftex.def Info: Clonlea-14-12-T007-TENDER-Proposed-First-Floor-Plan-09
-03-17.pdf, page1 used on input line 13.
(pdftex.def)             Requested size: 597.53772pt x 845.00179pt.

[9 <./Clonlea-14-12-T007-TENDER-Proposed-First-Floor-Plan-09-03-17.pdf>]
<Clonlea-14-12-T008-TENDER-Proposed-Attic-Floor-Plan-09-03-17.pdf, id=85, 845.0
471pt x 1195.01462pt>
File: Clonlea-14-12-T008-TENDER-Proposed-Attic-Floor-Plan-09-03-17.pdf Graphic 
file (type pdf)

<use Clonlea-14-12-T008-TENDER-Proposed-Attic-Floor-Plan-09-03-17.pdf>
Package pdftex.def Info: Clonlea-14-12-T008-TENDER-Proposed-Attic-Floor-Plan-09
-03-17.pdf used on input line 14.
(pdftex.def)             Requested size: 845.04504pt x 1195.0117pt.
File: Clonlea-14-12-T008-TENDER-Proposed-Attic-Floor-Plan-09-03-17.pdf Graphic 
file (type pdf)

<use Clonlea-14-12-T008-TENDER-Proposed-Attic-Floor-Plan-09-03-17.pdf>
Package pdftex.def Info: Clonlea-14-12-T008-TENDER-Proposed-Attic-Floor-Plan-09
-03-17.pdf used on input line 14.
(pdftex.def)             Requested size: 845.04504pt x 1195.0117pt.

<Clonlea-14-12-T008-TENDER-Proposed-Attic-Floor-Plan-09-03-17.pdf, id=88, page=
1, 845.0471pt x 1195.01462pt>
File: Clonlea-14-12-T008-TENDER-Proposed-Attic-Floor-Plan-09-03-17.pdf Graphic 
file (type pdf)

<use Clonlea-14-12-T008-TENDER-Proposed-Attic-Floor-Plan-09-03-17.pdf, page 1>
Package pdftex.def Info: Clonlea-14-12-T008-TENDER-Proposed-Attic-Floor-Plan-09
-03-17.pdf, page1 used on input line 14.
(pdftex.def)             Requested size: 845.04504pt x 1195.0117pt.
File: Clonlea-14-12-T008-TENDER-Proposed-Attic-Floor-Plan-09-03-17.pdf Graphic 
file (type pdf)

<use Clonlea-14-12-T008-TENDER-Proposed-Attic-Floor-Plan-09-03-17.pdf, page 1>
Package pdftex.def Info: Clonlea-14-12-T008-TENDER-Proposed-Attic-Floor-Plan-09
-03-17.pdf, page1 used on input line 14.
(pdftex.def)             Requested size: 597.53772pt x 845.00179pt.
File: Clonlea-14-12-T008-TENDER-Proposed-Attic-Floor-Plan-09-03-17.pdf Graphic 
file (type pdf)

<use Clonlea-14-12-T008-TENDER-Proposed-Attic-Floor-Plan-09-03-17.pdf, page 1>
Package pdftex.def Info: Clonlea-14-12-T008-TENDER-Proposed-Attic-Floor-Plan-09
-03-17.pdf, page1 used on input line 14.
(pdftex.def)             Requested size: 597.53772pt x 845.00179pt.
File: Clonlea-14-12-T008-TENDER-Proposed-Attic-Floor-Plan-09-03-17.pdf Graphic 
file (type pdf)

<use Clonlea-14-12-T008-TENDER-Proposed-Attic-Floor-Plan-09-03-17.pdf, page 1>
Package pdftex.def Info: Clonlea-14-12-T008-TENDER-Proposed-Attic-Floor-Plan-09
-03-17.pdf, page1 used on input line 14.
(pdftex.def)             Requested size: 597.53772pt x 845.00179pt.
File: Clonlea-14-12-T008-TENDER-Proposed-Attic-Floor-Plan-09-03-17.pdf Graphic 
file (type pdf)

<use Clonlea-14-12-T008-TENDER-Proposed-Attic-Floor-Plan-09-03-17.pdf, page 1>
Package pdftex.def Info: Clonlea-14-12-T008-TENDER-Proposed-Attic-Floor-Plan-09
-03-17.pdf, page1 used on input line 14.
(pdftex.def)             Requested size: 597.53772pt x 845.00179pt.

[10 <./Clonlea-14-12-T008-TENDER-Proposed-Attic-Floor-Plan-09-03-17.pdf>]
<Clonlea-14-12-T009-TENDER-Proposed-Section-A-A-09-03-17.pdf, id=94, 845.0471pt
 x 1195.01462pt>
File: Clonlea-14-12-T009-TENDER-Proposed-Section-A-A-09-03-17.pdf Graphic file 
(type pdf)

<use Clonlea-14-12-T009-TENDER-Proposed-Section-A-A-09-03-17.pdf>
Package pdftex.def Info: Clonlea-14-12-T009-TENDER-Proposed-Section-A-A-09-03-1
7.pdf used on input line 15.
(pdftex.def)             Requested size: 845.04504pt x 1195.0117pt.
File: Clonlea-14-12-T009-TENDER-Proposed-Section-A-A-09-03-17.pdf Graphic file 
(type pdf)

<use Clonlea-14-12-T009-TENDER-Proposed-Section-A-A-09-03-17.pdf>
Package pdftex.def Info: Clonlea-14-12-T009-TENDER-Proposed-Section-A-A-09-03-1
7.pdf used on input line 15.
(pdftex.def)             Requested size: 845.04504pt x 1195.0117pt.

<Clonlea-14-12-T009-TENDER-Proposed-Section-A-A-09-03-17.pdf, id=97, page=1, 84
5.0471pt x 1195.01462pt>
File: Clonlea-14-12-T009-TENDER-Proposed-Section-A-A-09-03-17.pdf Graphic file 
(type pdf)

<use Clonlea-14-12-T009-TENDER-Proposed-Section-A-A-09-03-17.pdf, page 1>
Package pdftex.def Info: Clonlea-14-12-T009-TENDER-Proposed-Section-A-A-09-03-1
7.pdf, page1 used on input line 15.
(pdftex.def)             Requested size: 845.04504pt x 1195.0117pt.
File: Clonlea-14-12-T009-TENDER-Proposed-Section-A-A-09-03-17.pdf Graphic file 
(type pdf)

<use Clonlea-14-12-T009-TENDER-Proposed-Section-A-A-09-03-17.pdf, page 1>
Package pdftex.def Info: Clonlea-14-12-T009-TENDER-Proposed-Section-A-A-09-03-1
7.pdf, page1 used on input line 15.
(pdftex.def)             Requested size: 597.53772pt x 845.00179pt.
File: Clonlea-14-12-T009-TENDER-Proposed-Section-A-A-09-03-17.pdf Graphic file 
(type pdf)

<use Clonlea-14-12-T009-TENDER-Proposed-Section-A-A-09-03-17.pdf, page 1>
Package pdftex.def Info: Clonlea-14-12-T009-TENDER-Proposed-Section-A-A-09-03-1
7.pdf, page1 used on input line 15.
(pdftex.def)             Requested size: 597.53772pt x 845.00179pt.
File: Clonlea-14-12-T009-TENDER-Proposed-Section-A-A-09-03-17.pdf Graphic file 
(type pdf)

<use Clonlea-14-12-T009-TENDER-Proposed-Section-A-A-09-03-17.pdf, page 1>
Package pdftex.def Info: Clonlea-14-12-T009-TENDER-Proposed-Section-A-A-09-03-1
7.pdf, page1 used on input line 15.
(pdftex.def)             Requested size: 597.53772pt x 845.00179pt.
File: Clonlea-14-12-T009-TENDER-Proposed-Section-A-A-09-03-17.pdf Graphic file 
(type pdf)

<use Clonlea-14-12-T009-TENDER-Proposed-Section-A-A-09-03-17.pdf, page 1>
Package pdftex.def Info: Clonlea-14-12-T009-TENDER-Proposed-Section-A-A-09-03-1
7.pdf, page1 used on input line 15.
(pdftex.def)             Requested size: 597.53772pt x 845.00179pt.

[11 <./Clonlea-14-12-T009-TENDER-Proposed-Section-A-A-09-03-17.pdf>]
<Clonlea-14-12-T010-TENDER-Proposed-Section-B-B-09-03-17.pdf, id=103, 845.0471p
t x 1195.01462pt>
File: Clonlea-14-12-T010-TENDER-Proposed-Section-B-B-09-03-17.pdf Graphic file 
(type pdf)

<use Clonlea-14-12-T010-TENDER-Proposed-Section-B-B-09-03-17.pdf>
Package pdftex.def Info: Clonlea-14-12-T010-TENDER-Proposed-Section-B-B-09-03-1
7.pdf used on input line 16.
(pdftex.def)             Requested size: 845.04504pt x 1195.0117pt.
File: Clonlea-14-12-T010-TENDER-Proposed-Section-B-B-09-03-17.pdf Graphic file 
(type pdf)

<use Clonlea-14-12-T010-TENDER-Proposed-Section-B-B-09-03-17.pdf>
Package pdftex.def Info: Clonlea-14-12-T010-TENDER-Proposed-Section-B-B-09-03-1
7.pdf used on input line 16.
(pdftex.def)             Requested size: 845.04504pt x 1195.0117pt.

<Clonlea-14-12-T010-TENDER-Proposed-Section-B-B-09-03-17.pdf, id=106, page=1, 8
45.0471pt x 1195.01462pt>
File: Clonlea-14-12-T010-TENDER-Proposed-Section-B-B-09-03-17.pdf Graphic file 
(type pdf)

<use Clonlea-14-12-T010-TENDER-Proposed-Section-B-B-09-03-17.pdf, page 1>
Package pdftex.def Info: Clonlea-14-12-T010-TENDER-Proposed-Section-B-B-09-03-1
7.pdf, page1 used on input line 16.
(pdftex.def)             Requested size: 845.04504pt x 1195.0117pt.
File: Clonlea-14-12-T010-TENDER-Proposed-Section-B-B-09-03-17.pdf Graphic file 
(type pdf)

<use Clonlea-14-12-T010-TENDER-Proposed-Section-B-B-09-03-17.pdf, page 1>
Package pdftex.def Info: Clonlea-14-12-T010-TENDER-Proposed-Section-B-B-09-03-1
7.pdf, page1 used on input line 16.
(pdftex.def)             Requested size: 597.53772pt x 845.00179pt.
File: Clonlea-14-12-T010-TENDER-Proposed-Section-B-B-09-03-17.pdf Graphic file 
(type pdf)

<use Clonlea-14-12-T010-TENDER-Proposed-Section-B-B-09-03-17.pdf, page 1>
Package pdftex.def Info: Clonlea-14-12-T010-TENDER-Proposed-Section-B-B-09-03-1
7.pdf, page1 used on input line 16.
(pdftex.def)             Requested size: 597.53772pt x 845.00179pt.
File: Clonlea-14-12-T010-TENDER-Proposed-Section-B-B-09-03-17.pdf Graphic file 
(type pdf)

<use Clonlea-14-12-T010-TENDER-Proposed-Section-B-B-09-03-17.pdf, page 1>
Package pdftex.def Info: Clonlea-14-12-T010-TENDER-Proposed-Section-B-B-09-03-1
7.pdf, page1 used on input line 16.
(pdftex.def)             Requested size: 597.53772pt x 845.00179pt.
File: Clonlea-14-12-T010-TENDER-Proposed-Section-B-B-09-03-17.pdf Graphic file 
(type pdf)

<use Clonlea-14-12-T010-TENDER-Proposed-Section-B-B-09-03-17.pdf, page 1>
Package pdftex.def Info: Clonlea-14-12-T010-TENDER-Proposed-Section-B-B-09-03-1
7.pdf, page1 used on input line 16.
(pdftex.def)             Requested size: 597.53772pt x 845.00179pt.

[12 <./Clonlea-14-12-T010-TENDER-Proposed-Section-B-B-09-03-17.pdf>]
<Clonlea-14-12-T011-TENDER-Proposed-Section-C-C-09-03-17.pdf, id=112, 845.0471p
t x 1195.01462pt>
File: Clonlea-14-12-T011-TENDER-Proposed-Section-C-C-09-03-17.pdf Graphic file 
(type pdf)

<use Clonlea-14-12-T011-TENDER-Proposed-Section-C-C-09-03-17.pdf>
Package pdftex.def Info: Clonlea-14-12-T011-TENDER-Proposed-Section-C-C-09-03-1
7.pdf used on input line 17.
(pdftex.def)             Requested size: 845.04504pt x 1195.0117pt.
File: Clonlea-14-12-T011-TENDER-Proposed-Section-C-C-09-03-17.pdf Graphic file 
(type pdf)

<use Clonlea-14-12-T011-TENDER-Proposed-Section-C-C-09-03-17.pdf>
Package pdftex.def Info: Clonlea-14-12-T011-TENDER-Proposed-Section-C-C-09-03-1
7.pdf used on input line 17.
(pdftex.def)             Requested size: 845.04504pt x 1195.0117pt.

<Clonlea-14-12-T011-TENDER-Proposed-Section-C-C-09-03-17.pdf, id=115, page=1, 8
45.0471pt x 1195.01462pt>
File: Clonlea-14-12-T011-TENDER-Proposed-Section-C-C-09-03-17.pdf Graphic file 
(type pdf)

<use Clonlea-14-12-T011-TENDER-Proposed-Section-C-C-09-03-17.pdf, page 1>
Package pdftex.def Info: Clonlea-14-12-T011-TENDER-Proposed-Section-C-C-09-03-1
7.pdf, page1 used on input line 17.
(pdftex.def)             Requested size: 845.04504pt x 1195.0117pt.
File: Clonlea-14-12-T011-TENDER-Proposed-Section-C-C-09-03-17.pdf Graphic file 
(type pdf)

<use Clonlea-14-12-T011-TENDER-Proposed-Section-C-C-09-03-17.pdf, page 1>
Package pdftex.def Info: Clonlea-14-12-T011-TENDER-Proposed-Section-C-C-09-03-1
7.pdf, page1 used on input line 17.
(pdftex.def)             Requested size: 597.53772pt x 845.00179pt.
File: Clonlea-14-12-T011-TENDER-Proposed-Section-C-C-09-03-17.pdf Graphic file 
(type pdf)

<use Clonlea-14-12-T011-TENDER-Proposed-Section-C-C-09-03-17.pdf, page 1>
Package pdftex.def Info: Clonlea-14-12-T011-TENDER-Proposed-Section-C-C-09-03-1
7.pdf, page1 used on input line 17.
(pdftex.def)             Requested size: 597.53772pt x 845.00179pt.
File: Clonlea-14-12-T011-TENDER-Proposed-Section-C-C-09-03-17.pdf Graphic file 
(type pdf)

<use Clonlea-14-12-T011-TENDER-Proposed-Section-C-C-09-03-17.pdf, page 1>
Package pdftex.def Info: Clonlea-14-12-T011-TENDER-Proposed-Section-C-C-09-03-1
7.pdf, page1 used on input line 17.
(pdftex.def)             Requested size: 597.53772pt x 845.00179pt.
File: Clonlea-14-12-T011-TENDER-Proposed-Section-C-C-09-03-17.pdf Graphic file 
(type pdf)

<use Clonlea-14-12-T011-TENDER-Proposed-Section-C-C-09-03-17.pdf, page 1>
Package pdftex.def Info: Clonlea-14-12-T011-TENDER-Proposed-Section-C-C-09-03-1
7.pdf, page1 used on input line 17.
(pdftex.def)             Requested size: 597.53772pt x 845.00179pt.

[13 <./Clonlea-14-12-T011-TENDER-Proposed-Section-C-C-09-03-17.pdf>]
<Clonlea-14-12-T002-TENDER-Existing-Floor-PLans-09-03-17.pdf, id=122, 845.0471p
t x 1195.01462pt>
File: Clonlea-14-12-T002-TENDER-Existing-Floor-PLans-09-03-17.pdf Graphic file 
(type pdf)

<use Clonlea-14-12-T002-TENDER-Existing-Floor-PLans-09-03-17.pdf>
Package pdftex.def Info: Clonlea-14-12-T002-TENDER-Existing-Floor-PLans-09-03-1
7.pdf used on input line 18.
(pdftex.def)             Requested size: 845.04504pt x 1195.0117pt.
File: Clonlea-14-12-T002-TENDER-Existing-Floor-PLans-09-03-17.pdf Graphic file 
(type pdf)

<use Clonlea-14-12-T002-TENDER-Existing-Floor-PLans-09-03-17.pdf>
Package pdftex.def Info: Clonlea-14-12-T002-TENDER-Existing-Floor-PLans-09-03-1
7.pdf used on input line 18.
(pdftex.def)             Requested size: 845.04504pt x 1195.0117pt.

<Clonlea-14-12-T002-TENDER-Existing-Floor-PLans-09-03-17.pdf, id=125, page=1, 8
45.0471pt x 1195.01462pt>
File: Clonlea-14-12-T002-TENDER-Existing-Floor-PLans-09-03-17.pdf Graphic file 
(type pdf)

<use Clonlea-14-12-T002-TENDER-Existing-Floor-PLans-09-03-17.pdf, page 1>
Package pdftex.def Info: Clonlea-14-12-T002-TENDER-Existing-Floor-PLans-09-03-1
7.pdf, page1 used on input line 18.
(pdftex.def)             Requested size: 845.04504pt x 1195.0117pt.
File: Clonlea-14-12-T002-TENDER-Existing-Floor-PLans-09-03-17.pdf Graphic file 
(type pdf)

<use Clonlea-14-12-T002-TENDER-Existing-Floor-PLans-09-03-17.pdf, page 1>
Package pdftex.def Info: Clonlea-14-12-T002-TENDER-Existing-Floor-PLans-09-03-1
7.pdf, page1 used on input line 18.
(pdftex.def)             Requested size: 597.53772pt x 845.00179pt.
File: Clonlea-14-12-T002-TENDER-Existing-Floor-PLans-09-03-17.pdf Graphic file 
(type pdf)

<use Clonlea-14-12-T002-TENDER-Existing-Floor-PLans-09-03-17.pdf, page 1>
Package pdftex.def Info: Clonlea-14-12-T002-TENDER-Existing-Floor-PLans-09-03-1
7.pdf, page1 used on input line 18.
(pdftex.def)             Requested size: 597.53772pt x 845.00179pt.
File: Clonlea-14-12-T002-TENDER-Existing-Floor-PLans-09-03-17.pdf Graphic file 
(type pdf)

<use Clonlea-14-12-T002-TENDER-Existing-Floor-PLans-09-03-17.pdf, page 1>
Package pdftex.def Info: Clonlea-14-12-T002-TENDER-Existing-Floor-PLans-09-03-1
7.pdf, page1 used on input line 18.
(pdftex.def)             Requested size: 597.53772pt x 845.00179pt.
File: Clonlea-14-12-T002-TENDER-Existing-Floor-PLans-09-03-17.pdf Graphic file 
(type pdf)

<use Clonlea-14-12-T002-TENDER-Existing-Floor-PLans-09-03-17.pdf, page 1>
Package pdftex.def Info: Clonlea-14-12-T002-TENDER-Existing-Floor-PLans-09-03-1
7.pdf, page1 used on input line 18.
(pdftex.def)             Requested size: 597.53772pt x 845.00179pt.

[14 <./Clonlea-14-12-T002-TENDER-Existing-Floor-PLans-09-03-17.pdf>]
<Clonlea-14-12-T016-TENDER-Proposed-Cottage-Plan-09-03-17.pdf, id=131, 845.0471
pt x 1195.01462pt>
File: Clonlea-14-12-T016-TENDER-Proposed-Cottage-Plan-09-03-17.pdf Graphic file
 (type pdf)

<use Clonlea-14-12-T016-TENDER-Proposed-Cottage-Plan-09-03-17.pdf>
Package pdftex.def Info: Clonlea-14-12-T016-TENDER-Proposed-Cottage-Plan-09-03-
17.pdf used on input line 19.
(pdftex.def)             Requested size: 845.04504pt x 1195.0117pt.
File: Clonlea-14-12-T016-TENDER-Proposed-Cottage-Plan-09-03-17.pdf Graphic file
 (type pdf)

<use Clonlea-14-12-T016-TENDER-Proposed-Cottage-Plan-09-03-17.pdf>
Package pdftex.def Info: Clonlea-14-12-T016-TENDER-Proposed-Cottage-Plan-09-03-
17.pdf used on input line 19.
(pdftex.def)             Requested size: 845.04504pt x 1195.0117pt.

<Clonlea-14-12-T016-TENDER-Proposed-Cottage-Plan-09-03-17.pdf, id=134, page=1, 
845.0471pt x 1195.01462pt>
File: Clonlea-14-12-T016-TENDER-Proposed-Cottage-Plan-09-03-17.pdf Graphic file
 (type pdf)

<use Clonlea-14-12-T016-TENDER-Proposed-Cottage-Plan-09-03-17.pdf, page 1>
Package pdftex.def Info: Clonlea-14-12-T016-TENDER-Proposed-Cottage-Plan-09-03-
17.pdf, page1 used on input line 19.
(pdftex.def)             Requested size: 845.04504pt x 1195.0117pt.
File: Clonlea-14-12-T016-TENDER-Proposed-Cottage-Plan-09-03-17.pdf Graphic file
 (type pdf)

<use Clonlea-14-12-T016-TENDER-Proposed-Cottage-Plan-09-03-17.pdf, page 1>
Package pdftex.def Info: Clonlea-14-12-T016-TENDER-Proposed-Cottage-Plan-09-03-
17.pdf, page1 used on input line 19.
(pdftex.def)             Requested size: 597.53772pt x 845.00179pt.
File: Clonlea-14-12-T016-TENDER-Proposed-Cottage-Plan-09-03-17.pdf Graphic file
 (type pdf)

<use Clonlea-14-12-T016-TENDER-Proposed-Cottage-Plan-09-03-17.pdf, page 1>
Package pdftex.def Info: Clonlea-14-12-T016-TENDER-Proposed-Cottage-Plan-09-03-
17.pdf, page1 used on input line 19.
(pdftex.def)             Requested size: 597.53772pt x 845.00179pt.
File: Clonlea-14-12-T016-TENDER-Proposed-Cottage-Plan-09-03-17.pdf Graphic file
 (type pdf)

<use Clonlea-14-12-T016-TENDER-Proposed-Cottage-Plan-09-03-17.pdf, page 1>
Package pdftex.def Info: Clonlea-14-12-T016-TENDER-Proposed-Cottage-Plan-09-03-
17.pdf, page1 used on input line 19.
(pdftex.def)             Requested size: 597.53772pt x 845.00179pt.
File: Clonlea-14-12-T016-TENDER-Proposed-Cottage-Plan-09-03-17.pdf Graphic file
 (type pdf)

<use Clonlea-14-12-T016-TENDER-Proposed-Cottage-Plan-09-03-17.pdf, page 1>
Package pdftex.def Info: Clonlea-14-12-T016-TENDER-Proposed-Cottage-Plan-09-03-
17.pdf, page1 used on input line 19.
(pdftex.def)             Requested size: 597.53772pt x 845.00179pt.

[15 <./Clonlea-14-12-T016-TENDER-Proposed-Cottage-Plan-09-03-17.pdf>]
<Clonlea-14-12-T018-TENDER-Proposed-Cottage-South-Elevation-09-0.pdf, id=140, 8
45.0471pt x 1195.01462pt>
File: Clonlea-14-12-T018-TENDER-Proposed-Cottage-South-Elevation-09-0.pdf Graph
ic file (type pdf)

<use Clonlea-14-12-T018-TENDER-Proposed-Cottage-South-Elevation-09-0.pdf>
Package pdftex.def Info: Clonlea-14-12-T018-TENDER-Proposed-Cottage-South-Eleva
tion-09-0.pdf used on input line 20.
(pdftex.def)             Requested size: 845.04504pt x 1195.0117pt.
File: Clonlea-14-12-T018-TENDER-Proposed-Cottage-South-Elevation-09-0.pdf Graph
ic file (type pdf)

<use Clonlea-14-12-T018-TENDER-Proposed-Cottage-South-Elevation-09-0.pdf>
Package pdftex.def Info: Clonlea-14-12-T018-TENDER-Proposed-Cottage-South-Eleva
tion-09-0.pdf used on input line 20.
(pdftex.def)             Requested size: 845.04504pt x 1195.0117pt.

<Clonlea-14-12-T018-TENDER-Proposed-Cottage-South-Elevation-09-0.pdf, id=143, p
age=1, 845.0471pt x 1195.01462pt>
File: Clonlea-14-12-T018-TENDER-Proposed-Cottage-South-Elevation-09-0.pdf Graph
ic file (type pdf)

<use Clonlea-14-12-T018-TENDER-Proposed-Cottage-South-Elevation-09-0.pdf, page 
1>
Package pdftex.def Info: Clonlea-14-12-T018-TENDER-Proposed-Cottage-South-Eleva
tion-09-0.pdf, page1 used on input line 20.
(pdftex.def)             Requested size: 845.04504pt x 1195.0117pt.
File: Clonlea-14-12-T018-TENDER-Proposed-Cottage-South-Elevation-09-0.pdf Graph
ic file (type pdf)

<use Clonlea-14-12-T018-TENDER-Proposed-Cottage-South-Elevation-09-0.pdf, page 
1>
Package pdftex.def Info: Clonlea-14-12-T018-TENDER-Proposed-Cottage-South-Eleva
tion-09-0.pdf, page1 used on input line 20.
(pdftex.def)             Requested size: 597.53772pt x 845.00179pt.
File: Clonlea-14-12-T018-TENDER-Proposed-Cottage-South-Elevation-09-0.pdf Graph
ic file (type pdf)

<use Clonlea-14-12-T018-TENDER-Proposed-Cottage-South-Elevation-09-0.pdf, page 
1>
Package pdftex.def Info: Clonlea-14-12-T018-TENDER-Proposed-Cottage-South-Eleva
tion-09-0.pdf, page1 used on input line 20.
(pdftex.def)             Requested size: 597.53772pt x 845.00179pt.
File: Clonlea-14-12-T018-TENDER-Proposed-Cottage-South-Elevation-09-0.pdf Graph
ic file (type pdf)

<use Clonlea-14-12-T018-TENDER-Proposed-Cottage-South-Elevation-09-0.pdf, page 
1>
Package pdftex.def Info: Clonlea-14-12-T018-TENDER-Proposed-Cottage-South-Eleva
tion-09-0.pdf, page1 used on input line 20.
(pdftex.def)             Requested size: 597.53772pt x 845.00179pt.
File: Clonlea-14-12-T018-TENDER-Proposed-Cottage-South-Elevation-09-0.pdf Graph
ic file (type pdf)

<use Clonlea-14-12-T018-TENDER-Proposed-Cottage-South-Elevation-09-0.pdf, page 
1>
Package pdftex.def Info: Clonlea-14-12-T018-TENDER-Proposed-Cottage-South-Eleva
tion-09-0.pdf, page1 used on input line 20.
(pdftex.def)             Requested size: 597.53772pt x 845.00179pt.
 [16 <./Clonlea-14-12-T018-TENDER-Proposed-Cottage-South-Elevation-09-0.pdf>]
<Clonlea-14-12-T019-TENDER-Proposed-Cottage-East-Elevation-09-03.pdf, id=149, 8
45.0471pt x 1195.01462pt>
File: Clonlea-14-12-T019-TENDER-Proposed-Cottage-East-Elevation-09-03.pdf Graph
ic file (type pdf)

<use Clonlea-14-12-T019-TENDER-Proposed-Cottage-East-Elevation-09-03.pdf>
Package pdftex.def Info: Clonlea-14-12-T019-TENDER-Proposed-Cottage-East-Elevat
ion-09-03.pdf used on input line 21.
(pdftex.def)             Requested size: 845.04504pt x 1195.0117pt.
File: Clonlea-14-12-T019-TENDER-Proposed-Cottage-East-Elevation-09-03.pdf Graph
ic file (type pdf)

<use Clonlea-14-12-T019-TENDER-Proposed-Cottage-East-Elevation-09-03.pdf>
Package pdftex.def Info: Clonlea-14-12-T019-TENDER-Proposed-Cottage-East-Elevat
ion-09-03.pdf used on input line 21.
(pdftex.def)             Requested size: 845.04504pt x 1195.0117pt.

<Clonlea-14-12-T019-TENDER-Proposed-Cottage-East-Elevation-09-03.pdf, id=152, p
age=1, 845.0471pt x 1195.01462pt>
File: Clonlea-14-12-T019-TENDER-Proposed-Cottage-East-Elevation-09-03.pdf Graph
ic file (type pdf)

<use Clonlea-14-12-T019-TENDER-Proposed-Cottage-East-Elevation-09-03.pdf, page 
1>
Package pdftex.def Info: Clonlea-14-12-T019-TENDER-Proposed-Cottage-East-Elevat
ion-09-03.pdf, page1 used on input line 21.
(pdftex.def)             Requested size: 845.04504pt x 1195.0117pt.
File: Clonlea-14-12-T019-TENDER-Proposed-Cottage-East-Elevation-09-03.pdf Graph
ic file (type pdf)

<use Clonlea-14-12-T019-TENDER-Proposed-Cottage-East-Elevation-09-03.pdf, page 
1>
Package pdftex.def Info: Clonlea-14-12-T019-TENDER-Proposed-Cottage-East-Elevat
ion-09-03.pdf, page1 used on input line 21.
(pdftex.def)             Requested size: 597.53772pt x 845.00179pt.
File: Clonlea-14-12-T019-TENDER-Proposed-Cottage-East-Elevation-09-03.pdf Graph
ic file (type pdf)

<use Clonlea-14-12-T019-TENDER-Proposed-Cottage-East-Elevation-09-03.pdf, page 
1>
Package pdftex.def Info: Clonlea-14-12-T019-TENDER-Proposed-Cottage-East-Elevat
ion-09-03.pdf, page1 used on input line 21.
(pdftex.def)             Requested size: 597.53772pt x 845.00179pt.
File: Clonlea-14-12-T019-TENDER-Proposed-Cottage-East-Elevation-09-03.pdf Graph
ic file (type pdf)

<use Clonlea-14-12-T019-TENDER-Proposed-Cottage-East-Elevation-09-03.pdf, page 
1>
Package pdftex.def Info: Clonlea-14-12-T019-TENDER-Proposed-Cottage-East-Elevat
ion-09-03.pdf, page1 used on input line 21.
(pdftex.def)             Requested size: 597.53772pt x 845.00179pt.
File: Clonlea-14-12-T019-TENDER-Proposed-Cottage-East-Elevation-09-03.pdf Graph
ic file (type pdf)

<use Clonlea-14-12-T019-TENDER-Proposed-Cottage-East-Elevation-09-03.pdf, page 
1>
Package pdftex.def Info: Clonlea-14-12-T019-TENDER-Proposed-Cottage-East-Elevat
ion-09-03.pdf, page1 used on input line 21.
(pdftex.def)             Requested size: 597.53772pt x 845.00179pt.
 [17 <./Clonlea-14-12-T019-TENDER-Proposed-Cottage-East-Elevation-09-03.pdf>]
<Clonlea-14-12-T020-TENDER-Proposed-Cottage-West-Elevation-09-03.pdf, id=158, 8
45.0471pt x 1195.01462pt>
File: Clonlea-14-12-T020-TENDER-Proposed-Cottage-West-Elevation-09-03.pdf Graph
ic file (type pdf)

<use Clonlea-14-12-T020-TENDER-Proposed-Cottage-West-Elevation-09-03.pdf>
Package pdftex.def Info: Clonlea-14-12-T020-TENDER-Proposed-Cottage-West-Elevat
ion-09-03.pdf used on input line 22.
(pdftex.def)             Requested size: 845.04504pt x 1195.0117pt.
File: Clonlea-14-12-T020-TENDER-Proposed-Cottage-West-Elevation-09-03.pdf Graph
ic file (type pdf)

<use Clonlea-14-12-T020-TENDER-Proposed-Cottage-West-Elevation-09-03.pdf>
Package pdftex.def Info: Clonlea-14-12-T020-TENDER-Proposed-Cottage-West-Elevat
ion-09-03.pdf used on input line 22.
(pdftex.def)             Requested size: 845.04504pt x 1195.0117pt.

<Clonlea-14-12-T020-TENDER-Proposed-Cottage-West-Elevation-09-03.pdf, id=161, p
age=1, 845.0471pt x 1195.01462pt>
File: Clonlea-14-12-T020-TENDER-Proposed-Cottage-West-Elevation-09-03.pdf Graph
ic file (type pdf)

<use Clonlea-14-12-T020-TENDER-Proposed-Cottage-West-Elevation-09-03.pdf, page 
1>
Package pdftex.def Info: Clonlea-14-12-T020-TENDER-Proposed-Cottage-West-Elevat
ion-09-03.pdf, page1 used on input line 22.
(pdftex.def)             Requested size: 845.04504pt x 1195.0117pt.
File: Clonlea-14-12-T020-TENDER-Proposed-Cottage-West-Elevation-09-03.pdf Graph
ic file (type pdf)

<use Clonlea-14-12-T020-TENDER-Proposed-Cottage-West-Elevation-09-03.pdf, page 
1>
Package pdftex.def Info: Clonlea-14-12-T020-TENDER-Proposed-Cottage-West-Elevat
ion-09-03.pdf, page1 used on input line 22.
(pdftex.def)             Requested size: 597.53772pt x 845.00179pt.
File: Clonlea-14-12-T020-TENDER-Proposed-Cottage-West-Elevation-09-03.pdf Graph
ic file (type pdf)

<use Clonlea-14-12-T020-TENDER-Proposed-Cottage-West-Elevation-09-03.pdf, page 
1>
Package pdftex.def Info: Clonlea-14-12-T020-TENDER-Proposed-Cottage-West-Elevat
ion-09-03.pdf, page1 used on input line 22.
(pdftex.def)             Requested size: 597.53772pt x 845.00179pt.
File: Clonlea-14-12-T020-TENDER-Proposed-Cottage-West-Elevation-09-03.pdf Graph
ic file (type pdf)

<use Clonlea-14-12-T020-TENDER-Proposed-Cottage-West-Elevation-09-03.pdf, page 
1>
Package pdftex.def Info: Clonlea-14-12-T020-TENDER-Proposed-Cottage-West-Elevat
ion-09-03.pdf, page1 used on input line 22.
(pdftex.def)             Requested size: 597.53772pt x 845.00179pt.
File: Clonlea-14-12-T020-TENDER-Proposed-Cottage-West-Elevation-09-03.pdf Graph
ic file (type pdf)

<use Clonlea-14-12-T020-TENDER-Proposed-Cottage-West-Elevation-09-03.pdf, page 
1>
Package pdftex.def Info: Clonlea-14-12-T020-TENDER-Proposed-Cottage-West-Elevat
ion-09-03.pdf, page1 used on input line 22.
(pdftex.def)             Requested size: 597.53772pt x 845.00179pt.
 [18 <./Clonlea-14-12-T020-TENDER-Proposed-Cottage-West-Elevation-09-03.pdf>]
<Clonlea-14-12-T021-TENDER-Proposed-Cottage-North-Elevation-09-0.pdf, id=167, 8
45.0471pt x 1195.01462pt>
File: Clonlea-14-12-T021-TENDER-Proposed-Cottage-North-Elevation-09-0.pdf Graph
ic file (type pdf)

<use Clonlea-14-12-T021-TENDER-Proposed-Cottage-North-Elevation-09-0.pdf>
Package pdftex.def Info: Clonlea-14-12-T021-TENDER-Proposed-Cottage-North-Eleva
tion-09-0.pdf used on input line 23.
(pdftex.def)             Requested size: 845.04504pt x 1195.0117pt.
File: Clonlea-14-12-T021-TENDER-Proposed-Cottage-North-Elevation-09-0.pdf Graph
ic file (type pdf)

<use Clonlea-14-12-T021-TENDER-Proposed-Cottage-North-Elevation-09-0.pdf>
Package pdftex.def Info: Clonlea-14-12-T021-TENDER-Proposed-Cottage-North-Eleva
tion-09-0.pdf used on input line 23.
(pdftex.def)             Requested size: 845.04504pt x 1195.0117pt.

<Clonlea-14-12-T021-TENDER-Proposed-Cottage-North-Elevation-09-0.pdf, id=170, p
age=1, 845.0471pt x 1195.01462pt>
File: Clonlea-14-12-T021-TENDER-Proposed-Cottage-North-Elevation-09-0.pdf Graph
ic file (type pdf)

<use Clonlea-14-12-T021-TENDER-Proposed-Cottage-North-Elevation-09-0.pdf, page 
1>
Package pdftex.def Info: Clonlea-14-12-T021-TENDER-Proposed-Cottage-North-Eleva
tion-09-0.pdf, page1 used on input line 23.
(pdftex.def)             Requested size: 845.04504pt x 1195.0117pt.
File: Clonlea-14-12-T021-TENDER-Proposed-Cottage-North-Elevation-09-0.pdf Graph
ic file (type pdf)

<use Clonlea-14-12-T021-TENDER-Proposed-Cottage-North-Elevation-09-0.pdf, page 
1>
Package pdftex.def Info: Clonlea-14-12-T021-TENDER-Proposed-Cottage-North-Eleva
tion-09-0.pdf, page1 used on input line 23.
(pdftex.def)             Requested size: 597.53772pt x 845.00179pt.
File: Clonlea-14-12-T021-TENDER-Proposed-Cottage-North-Elevation-09-0.pdf Graph
ic file (type pdf)

<use Clonlea-14-12-T021-TENDER-Proposed-Cottage-North-Elevation-09-0.pdf, page 
1>
Package pdftex.def Info: Clonlea-14-12-T021-TENDER-Proposed-Cottage-North-Eleva
tion-09-0.pdf, page1 used on input line 23.
(pdftex.def)             Requested size: 597.53772pt x 845.00179pt.
File: Clonlea-14-12-T021-TENDER-Proposed-Cottage-North-Elevation-09-0.pdf Graph
ic file (type pdf)

<use Clonlea-14-12-T021-TENDER-Proposed-Cottage-North-Elevation-09-0.pdf, page 
1>
Package pdftex.def Info: Clonlea-14-12-T021-TENDER-Proposed-Cottage-North-Eleva
tion-09-0.pdf, page1 used on input line 23.
(pdftex.def)             Requested size: 597.53772pt x 845.00179pt.
File: Clonlea-14-12-T021-TENDER-Proposed-Cottage-North-Elevation-09-0.pdf Graph
ic file (type pdf)

<use Clonlea-14-12-T021-TENDER-Proposed-Cottage-North-Elevation-09-0.pdf, page 
1>
Package pdftex.def Info: Clonlea-14-12-T021-TENDER-Proposed-Cottage-North-Eleva
tion-09-0.pdf, page1 used on input line 23.
(pdftex.def)             Requested size: 597.53772pt x 845.00179pt.
 [19 <./Clonlea-14-12-T021-TENDER-Proposed-Cottage-North-Elevation-09-0.pdf>]
<Clonlea-14-12-T022-TENDER-Proposed-Cottage-First-Floor-Plan-09.pdf, id=177, 84
5.0471pt x 1195.01462pt>
File: Clonlea-14-12-T022-TENDER-Proposed-Cottage-First-Floor-Plan-09.pdf Graphi
c file (type pdf)

<use Clonlea-14-12-T022-TENDER-Proposed-Cottage-First-Floor-Plan-09.pdf>
Package pdftex.def Info: Clonlea-14-12-T022-TENDER-Proposed-Cottage-First-Floor
-Plan-09.pdf used on input line 24.
(pdftex.def)             Requested size: 845.04504pt x 1195.0117pt.
File: Clonlea-14-12-T022-TENDER-Proposed-Cottage-First-Floor-Plan-09.pdf Graphi
c file (type pdf)

<use Clonlea-14-12-T022-TENDER-Proposed-Cottage-First-Floor-Plan-09.pdf>
Package pdftex.def Info: Clonlea-14-12-T022-TENDER-Proposed-Cottage-First-Floor
-Plan-09.pdf used on input line 24.
(pdftex.def)             Requested size: 845.04504pt x 1195.0117pt.

<Clonlea-14-12-T022-TENDER-Proposed-Cottage-First-Floor-Plan-09.pdf, id=180, pa
ge=1, 845.0471pt x 1195.01462pt>
File: Clonlea-14-12-T022-TENDER-Proposed-Cottage-First-Floor-Plan-09.pdf Graphi
c file (type pdf)

<use Clonlea-14-12-T022-TENDER-Proposed-Cottage-First-Floor-Plan-09.pdf, page 1
>
Package pdftex.def Info: Clonlea-14-12-T022-TENDER-Proposed-Cottage-First-Floor
-Plan-09.pdf, page1 used on input line 24.
(pdftex.def)             Requested size: 845.04504pt x 1195.0117pt.
File: Clonlea-14-12-T022-TENDER-Proposed-Cottage-First-Floor-Plan-09.pdf Graphi
c file (type pdf)

<use Clonlea-14-12-T022-TENDER-Proposed-Cottage-First-Floor-Plan-09.pdf, page 1
>
Package pdftex.def Info: Clonlea-14-12-T022-TENDER-Proposed-Cottage-First-Floor
-Plan-09.pdf, page1 used on input line 24.
(pdftex.def)             Requested size: 597.53772pt x 845.00179pt.
File: Clonlea-14-12-T022-TENDER-Proposed-Cottage-First-Floor-Plan-09.pdf Graphi
c file (type pdf)

<use Clonlea-14-12-T022-TENDER-Proposed-Cottage-First-Floor-Plan-09.pdf, page 1
>
Package pdftex.def Info: Clonlea-14-12-T022-TENDER-Proposed-Cottage-First-Floor
-Plan-09.pdf, page1 used on input line 24.
(pdftex.def)             Requested size: 597.53772pt x 845.00179pt.
File: Clonlea-14-12-T022-TENDER-Proposed-Cottage-First-Floor-Plan-09.pdf Graphi
c file (type pdf)

<use Clonlea-14-12-T022-TENDER-Proposed-Cottage-First-Floor-Plan-09.pdf, page 1
>
Package pdftex.def Info: Clonlea-14-12-T022-TENDER-Proposed-Cottage-First-Floor
-Plan-09.pdf, page1 used on input line 24.
(pdftex.def)             Requested size: 597.53772pt x 845.00179pt.
File: Clonlea-14-12-T022-TENDER-Proposed-Cottage-First-Floor-Plan-09.pdf Graphi
c file (type pdf)

<use Clonlea-14-12-T022-TENDER-Proposed-Cottage-First-Floor-Plan-09.pdf, page 1
>
Package pdftex.def Info: Clonlea-14-12-T022-TENDER-Proposed-Cottage-First-Floor
-Plan-09.pdf, page1 used on input line 24.
(pdftex.def)             Requested size: 597.53772pt x 845.00179pt.
 [20 <./Clonlea-14-12-T022-TENDER-Proposed-Cottage-First-Floor-Plan-09.pdf>]
<Clonlea-14-12-T017-TENDER-Proposed-Cottage-Section-A-A-09-03-17.pdf, id=186, 8
45.0471pt x 1195.01462pt>
File: Clonlea-14-12-T017-TENDER-Proposed-Cottage-Section-A-A-09-03-17.pdf Graph
ic file (type pdf)

<use Clonlea-14-12-T017-TENDER-Proposed-Cottage-Section-A-A-09-03-17.pdf>
Package pdftex.def Info: Clonlea-14-12-T017-TENDER-Proposed-Cottage-Section-A-A
-09-03-17.pdf used on input line 25.
(pdftex.def)             Requested size: 845.04504pt x 1195.0117pt.
File: Clonlea-14-12-T017-TENDER-Proposed-Cottage-Section-A-A-09-03-17.pdf Graph
ic file (type pdf)

<use Clonlea-14-12-T017-TENDER-Proposed-Cottage-Section-A-A-09-03-17.pdf>
Package pdftex.def Info: Clonlea-14-12-T017-TENDER-Proposed-Cottage-Section-A-A
-09-03-17.pdf used on input line 25.
(pdftex.def)             Requested size: 845.04504pt x 1195.0117pt.

<Clonlea-14-12-T017-TENDER-Proposed-Cottage-Section-A-A-09-03-17.pdf, id=189, p
age=1, 845.0471pt x 1195.01462pt>
File: Clonlea-14-12-T017-TENDER-Proposed-Cottage-Section-A-A-09-03-17.pdf Graph
ic file (type pdf)

<use Clonlea-14-12-T017-TENDER-Proposed-Cottage-Section-A-A-09-03-17.pdf, page 
1>
Package pdftex.def Info: Clonlea-14-12-T017-TENDER-Proposed-Cottage-Section-A-A
-09-03-17.pdf, page1 used on input line 25.
(pdftex.def)             Requested size: 845.04504pt x 1195.0117pt.
File: Clonlea-14-12-T017-TENDER-Proposed-Cottage-Section-A-A-09-03-17.pdf Graph
ic file (type pdf)

<use Clonlea-14-12-T017-TENDER-Proposed-Cottage-Section-A-A-09-03-17.pdf, page 
1>
Package pdftex.def Info: Clonlea-14-12-T017-TENDER-Proposed-Cottage-Section-A-A
-09-03-17.pdf, page1 used on input line 25.
(pdftex.def)             Requested size: 597.53772pt x 845.00179pt.
File: Clonlea-14-12-T017-TENDER-Proposed-Cottage-Section-A-A-09-03-17.pdf Graph
ic file (type pdf)

<use Clonlea-14-12-T017-TENDER-Proposed-Cottage-Section-A-A-09-03-17.pdf, page 
1>
Package pdftex.def Info: Clonlea-14-12-T017-TENDER-Proposed-Cottage-Section-A-A
-09-03-17.pdf, page1 used on input line 25.
(pdftex.def)             Requested size: 597.53772pt x 845.00179pt.
File: Clonlea-14-12-T017-TENDER-Proposed-Cottage-Section-A-A-09-03-17.pdf Graph
ic file (type pdf)

<use Clonlea-14-12-T017-TENDER-Proposed-Cottage-Section-A-A-09-03-17.pdf, page 
1>
Package pdftex.def Info: Clonlea-14-12-T017-TENDER-Proposed-Cottage-Section-A-A
-09-03-17.pdf, page1 used on input line 25.
(pdftex.def)             Requested size: 597.53772pt x 845.00179pt.
File: Clonlea-14-12-T017-TENDER-Proposed-Cottage-Section-A-A-09-03-17.pdf Graph
ic file (type pdf)

<use Clonlea-14-12-T017-TENDER-Proposed-Cottage-Section-A-A-09-03-17.pdf, page 
1>
Package pdftex.def Info: Clonlea-14-12-T017-TENDER-Proposed-Cottage-Section-A-A
-09-03-17.pdf, page1 used on input line 25.
(pdftex.def)             Requested size: 597.53772pt x 845.00179pt.
 [21 <./Clonlea-14-12-T017-TENDER-Proposed-Cottage-Section-A-A-09-03-17.pdf>] (
./all.aux) ) 
Here is how much of TeX's memory you used:
 3362 strings out of 493089
 58628 string characters out of 6134842
 117066 words of memory out of 5000000
 6789 multiletter control sequences out of 15000+600000
 3640 words of font info for 14 fonts, out of 8000000 for 9000
 1141 hyphenation exceptions out of 8191
 38i,18n,42p,236b,415s stack positions out of 5000i,500n,10000p,200000b,80000s

Output written on all.pdf (21 pages, 6715439 bytes).
PDF statistics:
 198 PDF objects out of 1000 (max. 8388607)
 90 compressed objects within 1 object stream
 0 named destinations out of 1000 (max. 500000)
 421 words of extra memory for PDF output out of 10000 (max. 10000000)

