This is pdfTeX, Version 3.14159265-2.6-1.40.16 (TeX Live 2015) (preloaded format=pdflatex 2016.5.27)  5 JAN 2017 14:01
entering extended mode
 restricted \write18 enabled.
 %&-line parsing enabled.
**all.tex
(./all.tex
LaTeX2e <2015/01/01>
Babel <3.9l> and hyphenation patterns for 79 languages loaded.
(/usr/local/texlive/2015/texmf-dist/tex/latex/base/article.cls
Document Class: article 2014/09/29 v1.4h Standard LaTeX document class
(/usr/local/texlive/2015/texmf-dist/tex/latex/base/size10.clo
File: size10.clo 2014/09/29 v1.4h Standard LaTeX file (size option)
)
\c@part=\count79
\c@section=\count80
\c@subsection=\count81
\c@subsubsection=\count82
\c@paragraph=\count83
\c@subparagraph=\count84
\c@figure=\count85
\c@table=\count86
\abovecaptionskip=\skip41
\belowcaptionskip=\skip42
\bibindent=\dimen102
)
(/usr/local/texlive/2015/texmf-dist/tex/latex/geometry/geometry.sty
Package: geometry 2010/09/12 v5.6 Page Geometry

(/usr/local/texlive/2015/texmf-dist/tex/latex/graphics/keyval.sty
Package: keyval 2014/10/28 v1.15 key=value parser (DPC)
\KV@toks@=\toks14
)
(/usr/local/texlive/2015/texmf-dist/tex/generic/oberdiek/ifpdf.sty
Package: ifpdf 2011/01/30 v2.3 Provides the ifpdf switch (HO)
Package ifpdf Info: pdfTeX in PDF mode is detected.
)
(/usr/local/texlive/2015/texmf-dist/tex/generic/oberdiek/ifvtex.sty
Package: ifvtex 2010/03/01 v1.5 Detect VTeX and its facilities (HO)
Package ifvtex Info: VTeX not detected.
)
(/usr/local/texlive/2015/texmf-dist/tex/generic/ifxetex/ifxetex.sty
Package: ifxetex 2010/09/12 v0.6 Provides ifxetex conditional
)
\Gm@cnth=\count87
\Gm@cntv=\count88
\c@Gm@tempcnt=\count89
\Gm@bindingoffset=\dimen103
\Gm@wd@mp=\dimen104
\Gm@odd@mp=\dimen105
\Gm@even@mp=\dimen106
\Gm@layoutwidth=\dimen107
\Gm@layoutheight=\dimen108
\Gm@layouthoffset=\dimen109
\Gm@layoutvoffset=\dimen110
\Gm@dimlist=\toks15
)
(/usr/local/texlive/2015/texmf-dist/tex/latex/pdfpages/pdfpages.sty
Package: pdfpages 2015/05/11 v0.4x Insert pages of external PDF documents (AM)

(/usr/local/texlive/2015/texmf-dist/tex/latex/base/ifthen.sty
Package: ifthen 2014/09/29 v1.1c Standard LaTeX ifthen package (DPC)
)
(/usr/local/texlive/2015/texmf-dist/tex/latex/tools/calc.sty
Package: calc 2014/10/28 v4.3 Infix arithmetic (KKT,FJ)
\calc@Acount=\count90
\calc@Bcount=\count91
\calc@Adimen=\dimen111
\calc@Bdimen=\dimen112
\calc@Askip=\skip43
\calc@Bskip=\skip44
LaTeX Info: Redefining \setlength on input line 80.
LaTeX Info: Redefining \addtolength on input line 81.
\calc@Ccount=\count92
\calc@Cskip=\skip45
)
(/usr/local/texlive/2015/texmf-dist/tex/latex/eso-pic/eso-pic.sty
Package: eso-pic 2015/04/20 v2.0e eso-pic (RN)

(/usr/local/texlive/2015/texmf-dist/tex/generic/oberdiek/atbegshi.sty
Package: atbegshi 2011/10/05 v1.16 At begin shipout hook (HO)

(/usr/local/texlive/2015/texmf-dist/tex/generic/oberdiek/infwarerr.sty
Package: infwarerr 2010/04/08 v1.3 Providing info/warning/error messages (HO)
)
(/usr/local/texlive/2015/texmf-dist/tex/generic/oberdiek/ltxcmds.sty
Package: ltxcmds 2011/11/09 v1.22 LaTeX kernel commands for general use (HO)
))
(/usr/local/texlive/2015/texmf-dist/tex/latex/xcolor/xcolor.sty
Package: xcolor 2007/01/21 v2.11 LaTeX color extensions (UK)

(/usr/local/texlive/2015/texmf-dist/tex/latex/latexconfig/color.cfg
File: color.cfg 2007/01/18 v1.5 color configuration of teTeX/TeXLive
)
Package xcolor Info: Driver file: pdftex.def on input line 225.

(/usr/local/texlive/2015/texmf-dist/tex/latex/pdftex-def/pdftex.def
File: pdftex.def 2011/05/27 v0.06d Graphics/color for pdfTeX
\Gread@gobject=\count93
)
Package xcolor Info: Model `cmy' substituted by `cmy0' on input line 1337.
Package xcolor Info: Model `hsb' substituted by `rgb' on input line 1341.
Package xcolor Info: Model `RGB' extended on input line 1353.
Package xcolor Info: Model `HTML' substituted by `rgb' on input line 1355.
Package xcolor Info: Model `Hsb' substituted by `hsb' on input line 1356.
Package xcolor Info: Model `tHsb' substituted by `hsb' on input line 1357.
Package xcolor Info: Model `HSB' substituted by `hsb' on input line 1358.
Package xcolor Info: Model `Gray' substituted by `gray' on input line 1359.
Package xcolor Info: Model `wave' substituted by `hsb' on input line 1360.
))
(/usr/local/texlive/2015/texmf-dist/tex/latex/graphics/graphicx.sty
Package: graphicx 2014/10/28 v1.0g Enhanced LaTeX Graphics (DPC,SPQR)

(/usr/local/texlive/2015/texmf-dist/tex/latex/graphics/graphics.sty
Package: graphics 2014/10/28 v1.0p Standard LaTeX Graphics (DPC,SPQR)

(/usr/local/texlive/2015/texmf-dist/tex/latex/graphics/trig.sty
Package: trig 1999/03/16 v1.09 sin cos tan (DPC)
)
(/usr/local/texlive/2015/texmf-dist/tex/latex/latexconfig/graphics.cfg
File: graphics.cfg 2010/04/23 v1.9 graphics configuration of TeX Live
)
Package graphics Info: Driver file: pdftex.def on input line 94.
)
\Gin@req@height=\dimen113
\Gin@req@width=\dimen114
)
\AM@pagewidth=\dimen115
\AM@pageheight=\dimen116

(/usr/local/texlive/2015/texmf-dist/tex/latex/pdfpages/pppdftex.def
File: pppdftex.def 2015/05/11 v0.4x Pdfpages driver for pdfTeX (AM)
)
\AM@pagebox=\box26
\AM@toc@title=\toks16
\c@AM@survey=\count94
\AM@templatesizebox=\box27
)
No file all.aux.
\openout1 = `all.aux'.

LaTeX Font Info:    Checking defaults for OML/cmm/m/it on input line 4.
LaTeX Font Info:    ... okay on input line 4.
LaTeX Font Info:    Checking defaults for T1/cmr/m/n on input line 4.
LaTeX Font Info:    ... okay on input line 4.
LaTeX Font Info:    Checking defaults for OT1/cmr/m/n on input line 4.
LaTeX Font Info:    ... okay on input line 4.
LaTeX Font Info:    Checking defaults for OMS/cmsy/m/n on input line 4.
LaTeX Font Info:    ... okay on input line 4.
LaTeX Font Info:    Checking defaults for OMX/cmex/m/n on input line 4.
LaTeX Font Info:    ... okay on input line 4.
LaTeX Font Info:    Checking defaults for U/cmr/m/n on input line 4.
LaTeX Font Info:    ... okay on input line 4.
*geometry* driver: auto-detecting
*geometry* detected driver: pdftex
*geometry* verbose mode - [ preamble ] result:
* driver: pdftex
* paper: a4paper
* layout: <same size as paper>
* layoutoffset:(h,v)=(0.0pt,0.0pt)
* modes: 
* h-part:(L,W,R)=(0.0pt, 597.50787pt, 0.0pt)
* v-part:(T,H,B)=(0.0pt, 845.04684pt, 0.0pt)
* \paperwidth=597.50787pt
* \paperheight=845.04684pt
* \textwidth=597.50787pt
* \textheight=845.04684pt
* \oddsidemargin=-72.26999pt
* \evensidemargin=-72.26999pt
* \topmargin=-109.26999pt
* \headheight=12.0pt
* \headsep=25.0pt
* \topskip=10.0pt
* \footskip=30.0pt
* \marginparwidth=57.0pt
* \marginparsep=11.0pt
* \columnsep=10.0pt
* \skip\footins=9.0pt plus 4.0pt minus 2.0pt
* \hoffset=0.0pt
* \voffset=0.0pt
* \mag=1000
* \@twocolumnfalse
* \@twosidefalse
* \@mparswitchfalse
* \@reversemarginfalse
* (1in=72.27pt=25.4mm, 1cm=28.453pt)

\AtBeginShipoutBox=\box28
(/usr/local/texlive/2015/texmf-dist/tex/context/base/supp-pdf.mkii
[Loading MPS to PDF converter (version 2006.09.02).]
\scratchcounter=\count95
\scratchdimen=\dimen117
\scratchbox=\box29
\nofMPsegments=\count96
\nofMParguments=\count97
\everyMPshowfont=\toks17
\MPscratchCnt=\count98
\MPscratchDim=\dimen118
\MPnumerator=\count99
\makeMPintoPDFobject=\count100
\everyMPtoPDFconversion=\toks18
) (/usr/local/texlive/2015/texmf-dist/tex/generic/oberdiek/pdftexcmds.sty
Package: pdftexcmds 2011/11/29 v0.20 Utility functions of pdfTeX for LuaTeX (HO
)

(/usr/local/texlive/2015/texmf-dist/tex/generic/oberdiek/ifluatex.sty
Package: ifluatex 2010/03/01 v1.3 Provides the ifluatex switch (HO)
Package ifluatex Info: LuaTeX not detected.
)
Package pdftexcmds Info: LuaTeX not detected.
Package pdftexcmds Info: \pdf@primitive is available.
Package pdftexcmds Info: \pdf@ifprimitive is available.
Package pdftexcmds Info: \pdfdraftmode found.
)
(/usr/local/texlive/2015/texmf-dist/tex/latex/oberdiek/epstopdf-base.sty
Package: epstopdf-base 2010/02/09 v2.5 Base part for package epstopdf

(/usr/local/texlive/2015/texmf-dist/tex/latex/oberdiek/grfext.sty
Package: grfext 2010/08/19 v1.1 Manage graphics extensions (HO)

(/usr/local/texlive/2015/texmf-dist/tex/generic/oberdiek/kvdefinekeys.sty
Package: kvdefinekeys 2011/04/07 v1.3 Define keys (HO)
))
(/usr/local/texlive/2015/texmf-dist/tex/latex/oberdiek/kvoptions.sty
Package: kvoptions 2011/06/30 v3.11 Key value format for package options (HO)

(/usr/local/texlive/2015/texmf-dist/tex/generic/oberdiek/kvsetkeys.sty
Package: kvsetkeys 2012/04/25 v1.16 Key value parser (HO)

(/usr/local/texlive/2015/texmf-dist/tex/generic/oberdiek/etexcmds.sty
Package: etexcmds 2011/02/16 v1.5 Avoid name clashes with e-TeX commands (HO)
Package etexcmds Info: Could not find \expanded.
(etexcmds)             That can mean that you are not using pdfTeX 1.50 or
(etexcmds)             that some package has redefined \expanded.
(etexcmds)             In the latter case, load this package earlier.
)))
Package grfext Info: Graphics extension search list:
(grfext)             [.png,.pdf,.jpg,.mps,.jpeg,.jbig2,.jb2,.PNG,.PDF,.JPG,.JPE
G,.JBIG2,.JB2,.eps]
(grfext)             \AppendGraphicsExtensions on input line 452.

(/usr/local/texlive/2015/texmf-dist/tex/latex/latexconfig/epstopdf-sys.cfg
File: epstopdf-sys.cfg 2010/07/13 v1.3 Configuration of (r)epstopdf for TeX Liv
e
))
<16232-04-Attic-(04-01-17-).pdf, id=1, 845.1575pt x 1195.46625pt>
File: 16232-04-Attic-(04-01-17-).pdf Graphic file (type pdf)

<use 16232-04-Attic-(04-01-17-).pdf>
Package pdftex.def Info: 16232-04-Attic-(04-01-17-).pdf used on input line 5.
(pdftex.def)             Requested size: 845.15544pt x 1195.46333pt.
File: 16232-04-Attic-(04-01-17-).pdf Graphic file (type pdf)
 <use 16232-04-Attic-(04-01-17-).pdf>
Package pdftex.def Info: 16232-04-Attic-(04-01-17-).pdf used on input line 5.
(pdftex.def)             Requested size: 845.15544pt x 1195.46333pt.

<16232-04-Attic-(04-01-17-).pdf, id=4, page=1, 845.1575pt x 1195.46625pt>
File: 16232-04-Attic-(04-01-17-).pdf Graphic file (type pdf)

<use 16232-04-Attic-(04-01-17-).pdf, page 1>
Package pdftex.def Info: 16232-04-Attic-(04-01-17-).pdf, page1 used on input li
ne 5.
(pdftex.def)             Requested size: 845.15544pt x 1195.46333pt.
File: 16232-04-Attic-(04-01-17-).pdf Graphic file (type pdf)

<use 16232-04-Attic-(04-01-17-).pdf, page 1>
Package pdftex.def Info: 16232-04-Attic-(04-01-17-).pdf, page1 used on input li
ne 5.
(pdftex.def)             Requested size: 597.61578pt x 845.32114pt.
File: 16232-04-Attic-(04-01-17-).pdf Graphic file (type pdf)

<use 16232-04-Attic-(04-01-17-).pdf, page 1>
Package pdftex.def Info: 16232-04-Attic-(04-01-17-).pdf, page1 used on input li
ne 5.
(pdftex.def)             Requested size: 597.61578pt x 845.32114pt.
File: 16232-04-Attic-(04-01-17-).pdf Graphic file (type pdf)

<use 16232-04-Attic-(04-01-17-).pdf, page 1>
Package pdftex.def Info: 16232-04-Attic-(04-01-17-).pdf, page1 used on input li
ne 5.
(pdftex.def)             Requested size: 597.61578pt x 845.32114pt.
File: 16232-04-Attic-(04-01-17-).pdf Graphic file (type pdf)

<use 16232-04-Attic-(04-01-17-).pdf, page 1>
Package pdftex.def Info: 16232-04-Attic-(04-01-17-).pdf, page1 used on input li
ne 5.
(pdftex.def)             Requested size: 597.61578pt x 845.32114pt.
 [1

 <./16232-04-Attic-(04-01-17-).pdf>] <16232-04-First-floor-(04-01-17-).pdf, id=
14, 845.1575pt x 1195.46625pt>
File: 16232-04-First-floor-(04-01-17-).pdf Graphic file (type pdf)

<use 16232-04-First-floor-(04-01-17-).pdf>
Package pdftex.def Info: 16232-04-First-floor-(04-01-17-).pdf used on input lin
e 6.
(pdftex.def)             Requested size: 845.15544pt x 1195.46333pt.
File: 16232-04-First-floor-(04-01-17-).pdf Graphic file (type pdf)

<use 16232-04-First-floor-(04-01-17-).pdf>
Package pdftex.def Info: 16232-04-First-floor-(04-01-17-).pdf used on input lin
e 6.
(pdftex.def)             Requested size: 845.15544pt x 1195.46333pt.

<16232-04-First-floor-(04-01-17-).pdf, id=17, page=1, 845.1575pt x 1195.46625pt
>
File: 16232-04-First-floor-(04-01-17-).pdf Graphic file (type pdf)
 <use 16232-04-First-floor-(04-01-17-).pdf, page 1>
Package pdftex.def Info: 16232-04-First-floor-(04-01-17-).pdf, page1 used on in
put line 6.
(pdftex.def)             Requested size: 845.15544pt x 1195.46333pt.
File: 16232-04-First-floor-(04-01-17-).pdf Graphic file (type pdf)

<use 16232-04-First-floor-(04-01-17-).pdf, page 1>
Package pdftex.def Info: 16232-04-First-floor-(04-01-17-).pdf, page1 used on in
put line 6.
(pdftex.def)             Requested size: 597.61578pt x 845.32114pt.
File: 16232-04-First-floor-(04-01-17-).pdf Graphic file (type pdf)

<use 16232-04-First-floor-(04-01-17-).pdf, page 1>
Package pdftex.def Info: 16232-04-First-floor-(04-01-17-).pdf, page1 used on in
put line 6.
(pdftex.def)             Requested size: 597.61578pt x 845.32114pt.
File: 16232-04-First-floor-(04-01-17-).pdf Graphic file (type pdf)

<use 16232-04-First-floor-(04-01-17-).pdf, page 1>
Package pdftex.def Info: 16232-04-First-floor-(04-01-17-).pdf, page1 used on in
put line 6.
(pdftex.def)             Requested size: 597.61578pt x 845.32114pt.
File: 16232-04-First-floor-(04-01-17-).pdf Graphic file (type pdf)

<use 16232-04-First-floor-(04-01-17-).pdf, page 1>
Package pdftex.def Info: 16232-04-First-floor-(04-01-17-).pdf, page1 used on in
put line 6.
(pdftex.def)             Requested size: 597.61578pt x 845.32114pt.
 [2 <./16232-04-First-floor-(04-01-17-).pdf>]
<16232-04-Ground-floor-(04-01-17-).pdf, id=25, 845.1575pt x 1195.46625pt>
File: 16232-04-Ground-floor-(04-01-17-).pdf Graphic file (type pdf)

<use 16232-04-Ground-floor-(04-01-17-).pdf>
Package pdftex.def Info: 16232-04-Ground-floor-(04-01-17-).pdf used on input li
ne 7.
(pdftex.def)             Requested size: 845.15544pt x 1195.46333pt.
File: 16232-04-Ground-floor-(04-01-17-).pdf Graphic file (type pdf)

<use 16232-04-Ground-floor-(04-01-17-).pdf>
Package pdftex.def Info: 16232-04-Ground-floor-(04-01-17-).pdf used on input li
ne 7.
(pdftex.def)             Requested size: 845.15544pt x 1195.46333pt.

<16232-04-Ground-floor-(04-01-17-).pdf, id=28, page=1, 845.1575pt x 1195.46625p
t>
File: 16232-04-Ground-floor-(04-01-17-).pdf Graphic file (type pdf)
 <use 16232-04-Ground-floor-(04-01-17-).pdf, page 1>
Package pdftex.def Info: 16232-04-Ground-floor-(04-01-17-).pdf, page1 used on i
nput line 7.
(pdftex.def)             Requested size: 845.15544pt x 1195.46333pt.
File: 16232-04-Ground-floor-(04-01-17-).pdf Graphic file (type pdf)

<use 16232-04-Ground-floor-(04-01-17-).pdf, page 1>
Package pdftex.def Info: 16232-04-Ground-floor-(04-01-17-).pdf, page1 used on i
nput line 7.
(pdftex.def)             Requested size: 597.61578pt x 845.32114pt.
File: 16232-04-Ground-floor-(04-01-17-).pdf Graphic file (type pdf)

<use 16232-04-Ground-floor-(04-01-17-).pdf, page 1>
Package pdftex.def Info: 16232-04-Ground-floor-(04-01-17-).pdf, page1 used on i
nput line 7.
(pdftex.def)             Requested size: 597.61578pt x 845.32114pt.
File: 16232-04-Ground-floor-(04-01-17-).pdf Graphic file (type pdf)

<use 16232-04-Ground-floor-(04-01-17-).pdf, page 1>
Package pdftex.def Info: 16232-04-Ground-floor-(04-01-17-).pdf, page1 used on i
nput line 7.
(pdftex.def)             Requested size: 597.61578pt x 845.32114pt.
File: 16232-04-Ground-floor-(04-01-17-).pdf Graphic file (type pdf)

<use 16232-04-Ground-floor-(04-01-17-).pdf, page 1>
Package pdftex.def Info: 16232-04-Ground-floor-(04-01-17-).pdf, page1 used on i
nput line 7.
(pdftex.def)             Requested size: 597.61578pt x 845.32114pt.
 [3 <./16232-04-Ground-floor-(04-01-17-).pdf>]
<16232-04-Images-(05-01-17-).pdf, id=36, 845.1575pt x 597.45204pt>
File: 16232-04-Images-(05-01-17-).pdf Graphic file (type pdf)

<use 16232-04-Images-(05-01-17-).pdf>
Package pdftex.def Info: 16232-04-Images-(05-01-17-).pdf used on input line 8.
(pdftex.def)             Requested size: 845.15544pt x 597.45058pt.
File: 16232-04-Images-(05-01-17-).pdf Graphic file (type pdf)
 <use 16232-04-Images-(05-01-17-).pdf>
Package pdftex.def Info: 16232-04-Images-(05-01-17-).pdf used on input line 8.
(pdftex.def)             Requested size: 845.15544pt x 597.45058pt.

<16232-04-Images-(05-01-17-).pdf, id=39, page=1, 845.1575pt x 597.45204pt>
File: 16232-04-Images-(05-01-17-).pdf Graphic file (type pdf)

<use 16232-04-Images-(05-01-17-).pdf, page 1>
Package pdftex.def Info: 16232-04-Images-(05-01-17-).pdf, page1 used on input l
ine 8.
(pdftex.def)             Requested size: 845.15544pt x 597.45058pt.
File: 16232-04-Images-(05-01-17-).pdf Graphic file (type pdf)

<use 16232-04-Images-(05-01-17-).pdf, page 1>
Package pdftex.def Info: 16232-04-Images-(05-01-17-).pdf, page1 used on input l
ine 8.
(pdftex.def)             Requested size: 597.61578pt x 422.4618pt.
File: 16232-04-Images-(05-01-17-).pdf Graphic file (type pdf)

<use 16232-04-Images-(05-01-17-).pdf, page 1>
Package pdftex.def Info: 16232-04-Images-(05-01-17-).pdf, page1 used on input l
ine 8.
(pdftex.def)             Requested size: 597.61578pt x 422.4618pt.
File: 16232-04-Images-(05-01-17-).pdf Graphic file (type pdf)

<use 16232-04-Images-(05-01-17-).pdf, page 1>
Package pdftex.def Info: 16232-04-Images-(05-01-17-).pdf, page1 used on input l
ine 8.
(pdftex.def)             Requested size: 597.61578pt x 422.4618pt.

<16232-04-Images-(05-01-17-).pdf, id=40, page=2, 845.1575pt x 597.45204pt>
File: 16232-04-Images-(05-01-17-).pdf Graphic file (type pdf)

<use 16232-04-Images-(05-01-17-).pdf, page 2>
Package pdftex.def Info: 16232-04-Images-(05-01-17-).pdf, page2 used on input l
ine 8.
(pdftex.def)             Requested size: 597.61578pt x 422.4618pt.
File: 16232-04-Images-(05-01-17-).pdf Graphic file (type pdf)

<use 16232-04-Images-(05-01-17-).pdf, page 2>
Package pdftex.def Info: 16232-04-Images-(05-01-17-).pdf, page2 used on input l
ine 8.
(pdftex.def)             Requested size: 597.61578pt x 422.4618pt.
File: 16232-04-Images-(05-01-17-).pdf Graphic file (type pdf)

<use 16232-04-Images-(05-01-17-).pdf, page 1>
Package pdftex.def Info: 16232-04-Images-(05-01-17-).pdf, page1 used on input l
ine 8.
(pdftex.def)             Requested size: 597.61578pt x 422.4618pt.
 [4 <./16232-04-Images-(05-01-17-).pdf, page is rotated 90 degrees>]
<16232-04-Images-(05-01-17-).pdf, id=59, page=3, 845.1575pt x 597.45204pt>
File: 16232-04-Images-(05-01-17-).pdf Graphic file (type pdf)

<use 16232-04-Images-(05-01-17-).pdf, page 3>
Package pdftex.def Info: 16232-04-Images-(05-01-17-).pdf, page3 used on input l
ine 8.
(pdftex.def)             Requested size: 597.61578pt x 422.4618pt.
File: 16232-04-Images-(05-01-17-).pdf Graphic file (type pdf)

<use 16232-04-Images-(05-01-17-).pdf, page 3>
Package pdftex.def Info: 16232-04-Images-(05-01-17-).pdf, page3 used on input l
ine 8.
(pdftex.def)             Requested size: 597.61578pt x 422.4618pt.
File: 16232-04-Images-(05-01-17-).pdf Graphic file (type pdf)

<use 16232-04-Images-(05-01-17-).pdf, page 2>
Package pdftex.def Info: 16232-04-Images-(05-01-17-).pdf, page2 used on input l
ine 8.
(pdftex.def)             Requested size: 597.61578pt x 422.4618pt.
 [5 <./16232-04-Images-(05-01-17-).pdf, page is rotated 90 degrees>]
<16232-04-Images-(05-01-17-).pdf, id=68, page=4, 845.1575pt x 597.45204pt>
File: 16232-04-Images-(05-01-17-).pdf Graphic file (type pdf)

<use 16232-04-Images-(05-01-17-).pdf, page 4>
Package pdftex.def Info: 16232-04-Images-(05-01-17-).pdf, page4 used on input l
ine 8.
(pdftex.def)             Requested size: 597.61578pt x 422.4618pt.
File: 16232-04-Images-(05-01-17-).pdf Graphic file (type pdf)

<use 16232-04-Images-(05-01-17-).pdf, page 4>
Package pdftex.def Info: 16232-04-Images-(05-01-17-).pdf, page4 used on input l
ine 8.
(pdftex.def)             Requested size: 597.61578pt x 422.4618pt.
File: 16232-04-Images-(05-01-17-).pdf Graphic file (type pdf)

<use 16232-04-Images-(05-01-17-).pdf, page 3>
Package pdftex.def Info: 16232-04-Images-(05-01-17-).pdf, page3 used on input l
ine 8.
(pdftex.def)             Requested size: 597.61578pt x 422.4618pt.
 [6 <./16232-04-Images-(05-01-17-).pdf, page is rotated 90 degrees>]
<16232-04-Images-(05-01-17-).pdf, id=77, page=5, 845.1575pt x 597.45204pt>
File: 16232-04-Images-(05-01-17-).pdf Graphic file (type pdf)

<use 16232-04-Images-(05-01-17-).pdf, page 5>
Package pdftex.def Info: 16232-04-Images-(05-01-17-).pdf, page5 used on input l
ine 8.
(pdftex.def)             Requested size: 597.61578pt x 422.4618pt.
File: 16232-04-Images-(05-01-17-).pdf Graphic file (type pdf)

<use 16232-04-Images-(05-01-17-).pdf, page 5>
Package pdftex.def Info: 16232-04-Images-(05-01-17-).pdf, page5 used on input l
ine 8.
(pdftex.def)             Requested size: 597.61578pt x 422.4618pt.
File: 16232-04-Images-(05-01-17-).pdf Graphic file (type pdf)

<use 16232-04-Images-(05-01-17-).pdf, page 4>
Package pdftex.def Info: 16232-04-Images-(05-01-17-).pdf, page4 used on input l
ine 8.
(pdftex.def)             Requested size: 597.61578pt x 422.4618pt.
 [7 <./16232-04-Images-(05-01-17-).pdf, page is rotated 90 degrees>]
<16232-04-Images-(05-01-17-).pdf, id=89, page=6, 845.1575pt x 597.45204pt>
File: 16232-04-Images-(05-01-17-).pdf Graphic file (type pdf)

<use 16232-04-Images-(05-01-17-).pdf, page 6>
Package pdftex.def Info: 16232-04-Images-(05-01-17-).pdf, page6 used on input l
ine 8.
(pdftex.def)             Requested size: 597.61578pt x 422.4618pt.
File: 16232-04-Images-(05-01-17-).pdf Graphic file (type pdf)

<use 16232-04-Images-(05-01-17-).pdf, page 6>
Package pdftex.def Info: 16232-04-Images-(05-01-17-).pdf, page6 used on input l
ine 8.
(pdftex.def)             Requested size: 597.61578pt x 422.4618pt.
File: 16232-04-Images-(05-01-17-).pdf Graphic file (type pdf)

<use 16232-04-Images-(05-01-17-).pdf, page 5>
Package pdftex.def Info: 16232-04-Images-(05-01-17-).pdf, page5 used on input l
ine 8.
(pdftex.def)             Requested size: 597.61578pt x 422.4618pt.
 [8 <./16232-04-Images-(05-01-17-).pdf, page is rotated 90 degrees>]
<16232-04-Images-(05-01-17-).pdf, id=98, page=7, 845.1575pt x 597.45204pt>
File: 16232-04-Images-(05-01-17-).pdf Graphic file (type pdf)

<use 16232-04-Images-(05-01-17-).pdf, page 7>
Package pdftex.def Info: 16232-04-Images-(05-01-17-).pdf, page7 used on input l
ine 8.
(pdftex.def)             Requested size: 597.61578pt x 422.4618pt.
File: 16232-04-Images-(05-01-17-).pdf Graphic file (type pdf)

<use 16232-04-Images-(05-01-17-).pdf, page 7>
Package pdftex.def Info: 16232-04-Images-(05-01-17-).pdf, page7 used on input l
ine 8.
(pdftex.def)             Requested size: 597.61578pt x 422.4618pt.
File: 16232-04-Images-(05-01-17-).pdf Graphic file (type pdf)

<use 16232-04-Images-(05-01-17-).pdf, page 6>
Package pdftex.def Info: 16232-04-Images-(05-01-17-).pdf, page6 used on input l
ine 8.
(pdftex.def)             Requested size: 597.61578pt x 422.4618pt.
 [9 <./16232-04-Images-(05-01-17-).pdf, page is rotated 90 degrees>]
<16232-04-Images-(05-01-17-).pdf, id=108, page=8, 845.1575pt x 597.45204pt>
File: 16232-04-Images-(05-01-17-).pdf Graphic file (type pdf)

<use 16232-04-Images-(05-01-17-).pdf, page 8>
Package pdftex.def Info: 16232-04-Images-(05-01-17-).pdf, page8 used on input l
ine 8.
(pdftex.def)             Requested size: 597.61578pt x 422.4618pt.
File: 16232-04-Images-(05-01-17-).pdf Graphic file (type pdf)

<use 16232-04-Images-(05-01-17-).pdf, page 8>
Package pdftex.def Info: 16232-04-Images-(05-01-17-).pdf, page8 used on input l
ine 8.
(pdftex.def)             Requested size: 597.61578pt x 422.4618pt.
File: 16232-04-Images-(05-01-17-).pdf Graphic file (type pdf)

<use 16232-04-Images-(05-01-17-).pdf, page 7>
Package pdftex.def Info: 16232-04-Images-(05-01-17-).pdf, page7 used on input l
ine 8.
(pdftex.def)             Requested size: 597.61578pt x 422.4618pt.
 [10 <./16232-04-Images-(05-01-17-).pdf, page is rotated 90 degrees>]
<16232-04-Images-(05-01-17-).pdf, id=116, page=9, 845.1575pt x 597.45204pt>
File: 16232-04-Images-(05-01-17-).pdf Graphic file (type pdf)

<use 16232-04-Images-(05-01-17-).pdf, page 9>
Package pdftex.def Info: 16232-04-Images-(05-01-17-).pdf, page9 used on input l
ine 8.
(pdftex.def)             Requested size: 597.61578pt x 422.4618pt.
File: 16232-04-Images-(05-01-17-).pdf Graphic file (type pdf)

<use 16232-04-Images-(05-01-17-).pdf, page 9>
Package pdftex.def Info: 16232-04-Images-(05-01-17-).pdf, page9 used on input l
ine 8.
(pdftex.def)             Requested size: 597.61578pt x 422.4618pt.
File: 16232-04-Images-(05-01-17-).pdf Graphic file (type pdf)

<use 16232-04-Images-(05-01-17-).pdf, page 8>
Package pdftex.def Info: 16232-04-Images-(05-01-17-).pdf, page8 used on input l
ine 8.
(pdftex.def)             Requested size: 597.61578pt x 422.4618pt.
 [11 <./16232-04-Images-(05-01-17-).pdf, page is rotated 90 degrees>]
File: 16232-04-Images-(05-01-17-).pdf Graphic file (type pdf)

<use 16232-04-Images-(05-01-17-).pdf, page 9>
Package pdftex.def Info: 16232-04-Images-(05-01-17-).pdf, page9 used on input l
ine 8.
(pdftex.def)             Requested size: 597.61578pt x 422.4618pt.
 [12 <./16232-04-Images-(05-01-17-).pdf, page is rotated 90 degrees>]
<16232-04-Quotation-(04-02-17-).pdf, id=136, 597.45204pt x 845.1575pt>
File: 16232-04-Quotation-(04-02-17-).pdf Graphic file (type pdf)

<use 16232-04-Quotation-(04-02-17-).pdf>
Package pdftex.def Info: 16232-04-Quotation-(04-02-17-).pdf used on input line 
9.
(pdftex.def)             Requested size: 597.45058pt x 845.15544pt.
File: 16232-04-Quotation-(04-02-17-).pdf Graphic file (type pdf)

<use 16232-04-Quotation-(04-02-17-).pdf>
Package pdftex.def Info: 16232-04-Quotation-(04-02-17-).pdf used on input line 
9.
(pdftex.def)             Requested size: 597.45058pt x 845.15544pt.

<16232-04-Quotation-(04-02-17-).pdf, id=139, page=1, 597.45204pt x 845.1575pt>
File: 16232-04-Quotation-(04-02-17-).pdf Graphic file (type pdf)

<use 16232-04-Quotation-(04-02-17-).pdf, page 1>
Package pdftex.def Info: 16232-04-Quotation-(04-02-17-).pdf, page1 used on inpu
t line 9.
(pdftex.def)             Requested size: 597.45058pt x 845.15544pt.
File: 16232-04-Quotation-(04-02-17-).pdf Graphic file (type pdf)

<use 16232-04-Quotation-(04-02-17-).pdf, page 1>
Package pdftex.def Info: 16232-04-Quotation-(04-02-17-).pdf, page1 used on inpu
t line 9.
(pdftex.def)             Requested size: 597.47792pt x 845.19412pt.
File: 16232-04-Quotation-(04-02-17-).pdf Graphic file (type pdf)

<use 16232-04-Quotation-(04-02-17-).pdf, page 1>
Package pdftex.def Info: 16232-04-Quotation-(04-02-17-).pdf, page1 used on inpu
t line 9.
(pdftex.def)             Requested size: 597.47792pt x 845.19412pt.
File: 16232-04-Quotation-(04-02-17-).pdf Graphic file (type pdf)

<use 16232-04-Quotation-(04-02-17-).pdf, page 1>
Package pdftex.def Info: 16232-04-Quotation-(04-02-17-).pdf, page1 used on inpu
t line 9.
(pdftex.def)             Requested size: 597.47792pt x 845.19412pt.
File: 16232-04-Quotation-(04-02-17-).pdf Graphic file (type pdf)

<use 16232-04-Quotation-(04-02-17-).pdf, page 1>
Package pdftex.def Info: 16232-04-Quotation-(04-02-17-).pdf, page1 used on inpu
t line 9.
(pdftex.def)             Requested size: 597.47792pt x 845.19412pt.
 [13 <./16232-04-Quotation-(04-02-17-).pdf>]
<16232-04-Schedule-of-fittings-(04-02-17-).pdf, id=163, 845.1575pt x 597.45204p
t>
File: 16232-04-Schedule-of-fittings-(04-02-17-).pdf Graphic file (type pdf)
 <use 16232-04-Schedule-of-fittings-(04-02-17-).pdf>
Package pdftex.def Info: 16232-04-Schedule-of-fittings-(04-02-17-).pdf used on 
input line 10.
(pdftex.def)             Requested size: 845.15544pt x 597.45058pt.
File: 16232-04-Schedule-of-fittings-(04-02-17-).pdf Graphic file (type pdf)

<use 16232-04-Schedule-of-fittings-(04-02-17-).pdf>
Package pdftex.def Info: 16232-04-Schedule-of-fittings-(04-02-17-).pdf used on 
input line 10.
(pdftex.def)             Requested size: 845.15544pt x 597.45058pt.

<16232-04-Schedule-of-fittings-(04-02-17-).pdf, id=166, page=1, 845.1575pt x 59
7.45204pt>
File: 16232-04-Schedule-of-fittings-(04-02-17-).pdf Graphic file (type pdf)
 <use 16232-04-Schedule-of-fittings-(04-02-17-).pdf, page 1>
Package pdftex.def Info: 16232-04-Schedule-of-fittings-(04-02-17-).pdf, page1 u
sed on input line 10.
(pdftex.def)             Requested size: 845.15544pt x 597.45058pt.
File: 16232-04-Schedule-of-fittings-(04-02-17-).pdf Graphic file (type pdf)

<use 16232-04-Schedule-of-fittings-(04-02-17-).pdf, page 1>
Package pdftex.def Info: 16232-04-Schedule-of-fittings-(04-02-17-).pdf, page1 u
sed on input line 10.
(pdftex.def)             Requested size: 597.61578pt x 422.4618pt.
File: 16232-04-Schedule-of-fittings-(04-02-17-).pdf Graphic file (type pdf)

<use 16232-04-Schedule-of-fittings-(04-02-17-).pdf, page 1>
Package pdftex.def Info: 16232-04-Schedule-of-fittings-(04-02-17-).pdf, page1 u
sed on input line 10.
(pdftex.def)             Requested size: 597.61578pt x 422.4618pt.
File: 16232-04-Schedule-of-fittings-(04-02-17-).pdf Graphic file (type pdf)

<use 16232-04-Schedule-of-fittings-(04-02-17-).pdf, page 1>
Package pdftex.def Info: 16232-04-Schedule-of-fittings-(04-02-17-).pdf, page1 u
sed on input line 10.
(pdftex.def)             Requested size: 597.61578pt x 422.4618pt.
File: 16232-04-Schedule-of-fittings-(04-02-17-).pdf Graphic file (type pdf)

<use 16232-04-Schedule-of-fittings-(04-02-17-).pdf, page 1>
Package pdftex.def Info: 16232-04-Schedule-of-fittings-(04-02-17-).pdf, page1 u
sed on input line 10.
(pdftex.def)             Requested size: 597.61578pt x 422.4618pt.
 [14 <./16232-04-Schedule-of-fittings-(04-02-17-).pdf, page is rotated 90 degre
es>] (./all.aux) ) 
Here is how much of TeX's memory you used:
 3249 strings out of 493089
 48966 string characters out of 6134842
 117066 words of memory out of 5000000
 6708 multiletter control sequences out of 15000+600000
 3640 words of font info for 14 fonts, out of 8000000 for 9000
 1141 hyphenation exceptions out of 8191
 40i,18n,46p,236b,415s stack positions out of 5000i,500n,10000p,200000b,80000s

Output written on all.pdf (14 pages, 1601090 bytes).
PDF statistics:
 184 PDF objects out of 1000 (max. 8388607)
 81 compressed objects within 1 object stream
 0 named destinations out of 1000 (max. 500000)
 161 words of extra memory for PDF output out of 10000 (max. 10000000)

